[teeperfect.myshopify.com/index.html]
[backblue.gif]
[fade.gif]
[index.html]
[teeperfect.myshopify.com/cdn/shop/t/11/assets/favicon159c.png]
[teeperfect.myshopify.com/cdn/shop/t/11/assets/icon-for-mobileb6ce.png]
[teeperfect.myshopify.com/cdn/shop/t/11/assets/icon-for-mobile_57x57b6ce.png]
[teeperfect.myshopify.com/cdn/shop/t/11/assets/icon-for-mobile_60x60b6ce.png]
[teeperfect.myshopify.com/cdn/shop/t/11/assets/icon-for-mobile_72x72b6ce.png]
[teeperfect.myshopify.com/cdn/shop/t/11/assets/icon-for-mobile_76x76b6ce.png]
[teeperfect.myshopify.com/cdn/shop/t/11/assets/icon-for-mobile_114x114b6ce.png]
[teeperfect.myshopify.com/cdn/shop/t/11/assets/icon-for-mobile_120x120b6ce.png]
[teeperfect.myshopify.com/cdn/shop/t/11/assets/icon-for-mobile_144x144b6ce.png]
[teeperfect.myshopify.com/cdn/shop/t/11/assets/icon-for-mobile_152x152b6ce.png]
[teeperfect.myshopify.com/cdn/shop/t/11/assets/logoe53a.png]
[teeperfect.myshopify.com/cdn/shop/t/11/assets/timber_3.scss21b3.css]
[teeperfect.myshopify.com/cdn/shop/t/11/assets/style.scssf547.css]
[teeperfect.myshopify.com/cdn/shop/t/11/assets/font-awesome876b.css]
[teeperfect.myshopify.com/cdn/shop/t/11/assets/slicke2a1.css]
[teeperfect.myshopify.com/cdn/shop/t/11/assets/magnific-popupa3b5.css]
[teeperfect.myshopify.com/cdn/shop/t/11/assets/awemenu0456.css]
[teeperfect.myshopify.com/cdn/shop/t/11/assets/main7642.css]
[teeperfect.myshopify.com/cdn/shop/t/11/assets/YouTubePopUp2967.css]
[teeperfect.myshopify.com/cdn/shop/t/11/assets/engo-customize.scss0fec.css]
[teeperfect.myshopify.com/checkouts/internal/preloadse558.js]
[cdn.shopify.com/shopifycloud/storefront-forms-hcaptcha/ce_storefront_forms_captcha_hcaptcha.v1.4.0.iife.js]
[teeperfect.myshopify.com/cdn/shopifycloud/shopify/assets/storefront/load_feature-1060834584ef204397b1179782a1b090047ee4397cb627244ab89e03f65c4307.js]
[teeperfect.myshopify.com/cdn/shopifycloud/portable-wallets/latest/portable-wallets.en.js]
[ajax.googleapis.com/ajax/libs/jquery/1.11.0/jquery.min.js]
[teeperfect.myshopify.com/cdn/shop/t/11/compiled_assets/stylese53a.css]
[teeperfect.myshopify.com/cdn/shopifycloud/shopify/assets/themes_support/api.jquery-b0af070cfe3f5cf7c92f9e2a5da2665ee07ed2aad63bb408f8d6672f894a5996.js]
[teeperfect.myshopify.com/cdn/shop/t/11/assets/modernizr.min5d93.js]
[teeperfect.myshopify.com/cdn/shopifycloud/shopify/assets/themes_support/option_selection-86cdd286ddf3be7e25d68b9fc5965d7798a3ff6228ff79af67b3f4e41d6a34be.js]
[teeperfect.myshopify.com/cdn/shop/t/11/assets/jquery.elevateZoom-3.0.8.mindb40.js]
[teeperfect.myshopify.com/cdn/shop/t/11/assets/jpreloaderca74.js]
[teeperfect.myshopify.com/cdn/shop/t/11/assets/slick.min7b2e.js]
[teeperfect.myshopify.com/cdn/shop/t/11/assets/YouTubePopUp.jquery231b.js]
[teeperfect.myshopify.com/cdn/shop/t/11/assets/loader4e3e.gif]
[teeperfect.myshopify.com/cdn/shop/t/11/assets/shopstorm-apps.scssbc8b.css]
[teeperfect.myshopify.com/POST]
[teeperfect.myshopify.com/cdn]
[teeperfect.myshopify.com/cdn/s/trekkie.storefront.20de3b35f21c3bd6ff73e3f1547eb7d54e6e94e4.min.js]
[teeperfect.myshopify.com/cdn/shopifycloud/shopify/assets/shop_events_listener-61fa9e0a912c675e178777d2b27f6cbd482f8912a6b0aa31fa3515985a8cd626.js]
[teeperfect.myshopify.com/cdn/shopifycloud/perf-kit/shopify-perf-kit-1.0.1.min.js]
[teeperfect.myshopify.com/cdn/shop/files/search_20x202580.png]
[teeperfect.myshopify.com/account/register.html]
[teeperfect.myshopify.com/cdn/shop/files/account_20x202580.png]
[teeperfect.myshopify.com/account/login.html]
[teeperfect.myshopify.com/pages/wish-list.html]
[teeperfect.myshopify.com/cdn/shop/files/wishlist_20x202580.png]
[teeperfect.myshopify.com/cart.html]
[teeperfect.myshopify.com/cdn/shop/files/cart_20x202580.png]
[teeperfect.myshopify.com/cdn/shop/t/11/assets/logo-br-38b74.png]
[teeperfect.myshopify.com/collections/all.html]
[teeperfect.myshopify.com/collections/family.html]
[teeperfect.myshopify.com/collections/sports.html]
[teeperfect.myshopify.com/collections/animals.html]
[teeperfect.myshopify.com/collections/hobbies.html]
[teeperfect.myshopify.com/collections/entertainment.html]
[teeperfect.myshopify.com/collections/awareness.html]
[teeperfect.myshopify.com/cdn/shop/t/11/assets/ms1_lc_imga230.jpg]
[teeperfect.myshopify.com/pages/lookbook.html]
[teeperfect.myshopify.com/pages/lookbook-v2.html]
[teeperfect.myshopify.com/blogs/news.html]
[teeperfect.myshopify.com/blogs/news/minimal-trending-fashion-summer-2017.html]
[teeperfect.myshopify.com/collections.html]
[teeperfect.myshopify.com/products/donut.html]
[teeperfect.myshopify.com/products/sorry-i-cant.html]
[teeperfect.myshopify.com/pages/about-us.html]
[teeperfect.myshopify.com/pages/contact-us.html]
[teeperfect.myshopify.com/404Error]
[teeperfect.myshopify.com/pages/comming-soon.html]
[teeperfect.myshopify.com/cdn/shop/collections/animals6bcf.jpg]
[teeperfect.myshopify.com/cdn/shop/collections/awareness_ef6f204d-57bd-44ad-8449-e69b6901baad0803.jpg]
[teeperfect.myshopify.com/cdn/shop/collections/entertainment2493.jpg]
[teeperfect.myshopify.com/cdn/shop/collections/family8e79.jpg]
[teeperfect.myshopify.com/cdn/shop/collections/hobbies4106.jpg]
[teeperfect.myshopify.com/cdn/shop/collections/sport2af4.jpg]
[teeperfect.myshopify.com/products/grow-your-own-food-urban-farming.html]
[teeperfect.myshopify.com/cdn/shop/products/front_1_6ff88254-7641-4444-9711-a866b240b4ca_grande0582.jpg]
[teeperfect.myshopify.com/cdn/shop/files/01_1_a818874c-791e-438d-8c72-288b635e79e5f66e.jpg]
[teeperfect.myshopify.com/cdn/shop/files/m1f66e.jpg]
[teeperfect.myshopify.com/cdn/shop/files/p2ec54.jpg]
[teeperfect.myshopify.com/cdn/shop/files/m2ec54.jpg]
[teeperfect.myshopify.com/cdn/shop/products/front_9_dff09824-14f1-4e40-8f16-f8ce82dc4d68_grande58c4.jpg]
[teeperfect.myshopify.com/products/fishing-is-my-cardio.html]
[teeperfect.myshopify.com/cdn/shop/products/front_13_grande17ab.jpg]
[teeperfect.myshopify.com/products/coffee-is-always-good.html]
[teeperfect.myshopify.com/cdn/shop/products/9000_grande36ea.jpg]
[teeperfect.myshopify.com/products/nes-game-blow-me.html]
[teeperfect.myshopify.com/cdn/shop/products/front_5_30a53e6b-8843-4f4f-bb48-be0b91033518_grandec3b5.jpg]
[teeperfect.myshopify.com/products/the-voices-in-my-head.html]
[teeperfect.myshopify.com/cdn/shop/products/front21_grande787b.jpg]
[teeperfect.myshopify.com/products/just-a-kid-from-buffalo.html]
[teeperfect.myshopify.com/cdn/shop/products/front_7_79022276-d6a1-47c3-9281-d96ab8bb72b2_grande24d0.jpg]
[teeperfect.myshopify.com/products/buffalo-its-where-my-story-begins.html]
[teeperfect.myshopify.com/cdn/shop/products/front_12_64129f1c-cd6f-48d3-9646-f0ba35bec8b4_grande5c81.jpg]
[teeperfect.myshopify.com/products/dad-loves-fishing.html]
[teeperfect.myshopify.com/cdn/shop/products/front_07c9f49f-3404-4528-a2a2-5d56ae16746f_grandeb867.jpg]
[teeperfect.myshopify.com/products/red-gray-and-black-scissors.html]
[teeperfect.myshopify.com/cdn/shop/products/front_11_ccc42727-6bb2-45dd-9afd-2e14b977dc3e_grandea64f.jpg]
[teeperfect.myshopify.com/products/limited-edition.html]
[teeperfect.myshopify.com/cdn/shop/products/front_16_grande6de3.jpg]
[teeperfect.myshopify.com/products/life-is-better-fishing.html]
[teeperfect.myshopify.com/cdn/shop/products/front_1f1b1df0-1c6a-49ef-972d-afa9fe2eec83_grande26fc.jpg]
[teeperfect.myshopify.com/products/hurry-ending-in-less-than-48-hours.html]
[teeperfect.myshopify.com/cdn/shop/products/front_grande20f2.jpg]
[teeperfect.myshopify.com/cdn/shop/products/front_326dea28-674e-4434-856d-73e8c3a20518_grande608d.jpg]
[teeperfect.myshopify.com/products/classic-1968-ugly-christmas.html]
[teeperfect.myshopify.com/cdn/shop/products/front_3_43a0e2e1-ce43-44f4-936f-ffbe9151a4c6_grande2bf7.jpg]
[teeperfect.myshopify.com/products/youre-fishing-too-close.html]
[teeperfect.myshopify.com/cdn/shop/products/front_14_grande4d23.jpg]
[teeperfect.myshopify.com/products/triathlon-badass-eu.html]
[teeperfect.myshopify.com/cdn/shop/products/front_7_60a69b2e-1392-4b52-8e4b-5863203e29e8_grande5e4c.jpg]
[teeperfect.myshopify.com/products/triathlon-just-to-finish-eu.html]
[teeperfect.myshopify.com/cdn/shop/products/front_12_8eb11c3c-186b-4cd6-8526-96c0c68a0a9d_grande7626.jpg]
[teeperfect.myshopify.com/products/water-is-sacred.html]
[teeperfect.myshopify.com/cdn/shop/products/front_11_694ae3c7-2214-4bc1-a90e-af49d19800cb_grande1b5e.jpg]
[teeperfect.myshopify.com/products/growing-good-food-at-home.html]
[teeperfect.myshopify.com/cdn/shop/products/front_0_grandeb7a5.jpg]
[teeperfect.myshopify.com/products/limited-edition-competing-in-games.html]
[teeperfect.myshopify.com/cdn/shop/products/front_7_63afb21e-af8c-4ed4-9190-1995159d5e80_grandecce7.jpg]
[teeperfect.myshopify.com/products/its-a-smith-thing.html]
[teeperfect.myshopify.com/cdn/shop/products/front_6_72a14ef7-0f53-45e4-aea6-6d8a5df92b27_granded7f0.jpg]
[teeperfect.myshopify.com/cdn/shop/files/cta_countdown_bg_f8559861-5e61-4106-9ab4-baafcb9b5c29ec54.jpg]
[teeperfect.myshopify.com/cdn/shop/files/bg-customersaya89a.jpg]
[teeperfect.myshopify.com/cdn/shop/files/1a89a.jpg]
[teeperfect.myshopify.com/cdn/shop/files/2a89a.jpg]
[teeperfect.myshopify.com/cdn/shop/files/3a89a.jpg]
[teeperfect.myshopify.com/cdn/shop/files/payments5b07.png]
[teeperfect.myshopify.com/cdn/shop/t/11/assets/fastclick.min1dea.js]
[teeperfect.myshopify.com/services/javascripts/currencies.js]
[teeperfect.myshopify.com/cdn/shop/t/11/assets/jquery.currencies.min1041.js]
[teeperfect.myshopify.com/cdn/shop/t/11/assets/timberb72c.js]
[teeperfect.myshopify.com/cdn/shop/t/11/assets/jquery-ui.min5bc9.js]
[teeperfect.myshopify.com/cdn/shop/t/11/assets/bootstrap.minea8d.js]
[teeperfect.myshopify.com/cdn/shop/t/11/assets/handlebars.minc82d.js]
[teeperfect.myshopify.com/cdn/shop/t/11/assets/ajax-cart36b7.js]
[teeperfect.myshopify.com/cdn/shop/t/11/assets/engo-plugins3610.js]
[teeperfect.myshopify.com/cdn/shop/t/11/assets/collectioneef9.js]
[teeperfect.myshopify.com/cdn/shop/t/11/assets/awemenu.min71ad.js]
[teeperfect.myshopify.com/cdn/shop/t/11/assets/jquery.fittext6eea.js]
[teeperfect.myshopify.com/cdn/shop/t/11/assets/masonry.pkgd.min2fcf.js]
[teeperfect.myshopify.com/cdn/shop/t/11/assets/imagesloaded.pkgd.min1458.js]
[teeperfect.myshopify.com/cdn/shop/t/11/assets/jquery.magnific-popup.minfd7f.js]
[teeperfect.myshopify.com/cdn/shop/t/11/assets/maina6e6.js]
[teeperfect.myshopify.com/cdn/shop/t/11/assets/engo-scripts2807.js]
[teeperfect.myshopify.com/cdn/shop/t/11/assets/engo-autocomplate563f.js]
[teeperfect.myshopify.com/cdn/shop/t/11/assets/instafeed.minf2d7.js]
[teeperfect.myshopify.com/cdn/shop/t/11/assets/show_popup2628.jpg]
[teeperfect.myshopify.com/cdn/shop/t/11/assets/logo-black65f5.png]
[teeperfect.myshopify.com/index.html]
[teeperfect.myshopify.com/cdn/shop/t/11/assets/logoe53a.html]
[teeperfect.myshopify.com/cdn/shop/t/11/assets/icons049d.eot]
[teeperfect.myshopify.com/cdn/shop/t/11/assets/icons9180.woff]
[teeperfect.myshopify.com/cdn/shop/t/11/assets/icons8ed4.ttf]
[teeperfect.myshopify.com/cdn/shop/t/11/assets/iconsf7d3.svg]
[teeperfect.myshopify.com/cdn/shop/t/11/assets/timber_3.scss21b3.css]
[teeperfect.myshopify.com/cdn/shop/t/11/assets/style.scssf547.css]
[teeperfect.myshopify.com/cdn/shop/t/11/assets/ico-select43e2.svg]
[teeperfect.myshopify.com/cdn/shop/t/11/assets/fontawesome-webfont5b62.eot]
[teeperfect.myshopify.com/cdn/shop/t/11/assets/fontawesome-webfontd41d.eot]
[teeperfect.myshopify.com/cdn/shop/t/11/assets/fontawesome-webfont5b62.woff2]
[teeperfect.myshopify.com/cdn/shop/t/11/assets/fontawesome-webfont5b62.woff]
[teeperfect.myshopify.com/cdn/shop/t/11/assets/fontawesome-webfont5b62.ttf]
[teeperfect.myshopify.com/cdn/shop/t/11/assets/font-awesome876b.css]
[teeperfect.myshopify.com/cdn/shop/t/11/assets/slicke2a1.css]
[teeperfect.myshopify.com/cdn/shop/t/11/assets/magnific-popupa3b5.css]
[teeperfect.myshopify.com/cdn/shop/t/11/assets/fontawesome-webfont5b62.svg]
[teeperfect.myshopify.com/cdn/shop/t/11/assets/awemmenu1dae.eot]
[teeperfect.myshopify.com/cdn/shop/t/11/assets/awemmenu1dae.ttf]
[teeperfect.myshopify.com/cdn/shop/t/11/assets/awemmenu1dae.woff]
[teeperfect.myshopify.com/cdn/shop/t/11/assets/awemmenu1dae.svg]
[teeperfect.myshopify.com/cdn/shop/t/11/assets/awemenu0456.css]
[teeperfect.myshopify.com/cdn/shop/t/11/assets/brilliant.eot]
[teeperfect.myshopify.com/cdn/shop/t/11/assets/brilliantd41d.eot]
[teeperfect.myshopify.com/cdn/shop/t/11/assets/brilliant.woff]
[teeperfect.myshopify.com/cdn/shop/t/11/assets/brilliant.ttf]
[teeperfect.myshopify.com/cdn/shop/t/11/assets/brilliant.svg]
[teeperfect.myshopify.com/cdn/shop/t/11/assets/ajax-loader.gif]
[teeperfect.myshopify.com/cdn/shop/t/11/assets/1.jpg]
[teeperfect.myshopify.com/cdn/shop/t/11/assets/6.jpg]
[teeperfect.myshopify.com/cdn/shop/t/11/assets/8.jpg]
[teeperfect.myshopify.com/cdn/shop/t/11/assets/10.jpg]
[teeperfect.myshopify.com/cdn/shop/t/11/assets/13.jpg]
[teeperfect.myshopify.com/cdn/shop/t/11/assets/slide-1.jpg]
[teeperfect.myshopify.com/cdn/shop/t/11/assets/slide-7.jpg]
[teeperfect.myshopify.com/cdn/shop/t/11/assets/product_mapper_icon1.png]
[teeperfect.myshopify.com/cdn/shop/t/11/assets/product_mapper_close.png]
[teeperfect.myshopify.com/cdn/shop/t/11/assets/main7642.css]
[teeperfect.myshopify.com/cdn/shop/t/11/assets/close.png]
[teeperfect.myshopify.com/cdn/shop/t/11/assets/YouTubePopUp2967.css]
[teeperfect.myshopify.com/cdn/shop/t/11/assets/cms_icon.png]
[teeperfect.myshopify.com/cdn/shop/t/11/assets/engo_select_option_icon.png]
[teeperfect.myshopify.com/cdn/shop/t/11/assets/engo-customize.scss0fec.css]
[teeperfect.myshopify.com/cdn/shop/t/11/compiled_assets/stylese53a.css]
[teeperfect.myshopify.com/cdn/shop/files/indexe53a.html]
[teeperfect.myshopify.com/cdn/shop/t/11/assets/shopstorm-apps.scssbc8b.css]
[teeperfect.myshopify.com/POST.html]
[teeperfect.myshopify.com/cdn.html]
[teeperfect.myshopify.com/cdn/shopifycloud/shopify/assets/themes_support/shopify_common-33bb9d312118840468a53f36b59c62c1e8f2b7d1a0a77250db9e300441827470.js]
[teeperfect.myshopify.com/account/POST]
[teeperfect.myshopify.com/account/register.html]
[teeperfect.myshopify.com/account/login.html]
[teeperfect.myshopify.com/pages/POST]
[teeperfect.myshopify.com/cdn/shop/t/11/assets/bg-header-wishliste663.jpg]
[teeperfect.myshopify.com/pages/wish-list.html]
[teeperfect.myshopify.com/cart.html]
[teeperfect.myshopify.com/collections/all.atom]
[teeperfect.myshopify.com/collections/all4658.html]
[teeperfect.myshopify.com/collections/POST]
[teeperfect.myshopify.com/cdn/shop/files/br_4489b9f8-045e-4a82-9f2b-9cfe322fb383c1b7.jpg]
[teeperfect.myshopify.com/collections/all.html]
[teeperfect.myshopify.com/collections/family.atom]
[teeperfect.myshopify.com/collections/family4658.html]
[teeperfect.myshopify.com/collections/family.oembed]
[teeperfect.myshopify.com/collections/family/products/grow-your-own-food-urban-farming.html]
[teeperfect.myshopify.com/collections/family/products/coffee-is-always-good.html]
[teeperfect.myshopify.com/collections/family/products/limited-edition-competing-in-games.html]
[teeperfect.myshopify.com/collections/family/products/sorry-i-cant.html]
[teeperfect.myshopify.com/collections/family/products/nes-game-blow-me.html]
[teeperfect.myshopify.com/collections/family/products/triathlon-badass-eu.html]
[teeperfect.myshopify.com/collections/family/products/triathlon-just-to-finish-eu.html]
[teeperfect.myshopify.com/collections/family/products/limited-edition.html]
[teeperfect.myshopify.com/collections/family/products/youre-fishing-too-close.html]
[teeperfect.myshopify.com/collections/family/products/the-voices-in-my-head.html]
[teeperfect.myshopify.com/collections/family/products/classic-1968-ugly-christmas.html]
[teeperfect.myshopify.com/collections/family/products/its-a-smith-thing.html]
[teeperfect.myshopify.com/collections/family/products/water-is-sacred.html]
[teeperfect.myshopify.com/collections/family/products/buffalo-its-where-my-story-begins.html]
[teeperfect.myshopify.com/collections/family/products/just-a-kid-from-buffalo.html]
[teeperfect.myshopify.com/collections/family/products/red-gray-and-black-scissors.html]
[teeperfect.myshopify.com/collections/family/products/donut.html]
[teeperfect.myshopify.com/collections/family.html]
[teeperfect.myshopify.com/collections/family/products/dad-loves-fishing.html]
[teeperfect.myshopify.com/collections/sports.atom]
[teeperfect.myshopify.com/collections/sports4658.html]
[teeperfect.myshopify.com/collections/sports.oembed]
[teeperfect.myshopify.com/collections/sports/products/grow-your-own-food-urban-farming.html]
[teeperfect.myshopify.com/collections/sports/products/youre-fishing-too-close.html]
[teeperfect.myshopify.com/collections/sports/products/water-is-sacred.html]
[teeperfect.myshopify.com/collections/sports/products/triathlon-just-to-finish-eu.html]
[teeperfect.myshopify.com/collections/sports/products/triathlon-badass-eu.html]
[teeperfect.myshopify.com/collections/sports/products/the-voices-in-my-head.html]
[teeperfect.myshopify.com/collections/sports/products/sorry-i-cant.html]
[teeperfect.myshopify.com/collections/sports/products/red-gray-and-black-scissors.html]
[teeperfect.myshopify.com/collections/sports/products/nes-game-blow-me.html]
[teeperfect.myshopify.com/collections/sports/products/limited-edition-competing-in-games.html]
[teeperfect.myshopify.com/collections/sports/products/limited-edition.html]
[teeperfect.myshopify.com/collections/sports/products/life-is-better-fishing.html]
[teeperfect.myshopify.com/collections/sports/products/just-a-kid-from-buffalo.html]
[teeperfect.myshopify.com/collections/sports/products/its-a-smith-thing.html]
[teeperfect.myshopify.com/collections/sports/products/hurry-ending-in-less-than-48-hours.html]
[teeperfect.myshopify.com/collections/sports/products/growing-good-food-at-home.html]
[teeperfect.myshopify.com/collections/sports/products/fishing-is-my-cardio.html]
[teeperfect.myshopify.com/collections/sports.html]
[teeperfect.myshopify.com/collections/sports/products/donut.html]
[teeperfect.myshopify.com/collections/animals.atom]
[teeperfect.myshopify.com/collections/animals4658.html]
[teeperfect.myshopify.com/collections/animals.oembed]
[teeperfect.myshopify.com/collections/animals/products/grow-your-own-food-urban-farming.html]
[teeperfect.myshopify.com/collections/animals/products/sorry-i-cant.html]
[teeperfect.myshopify.com/collections/animals/products/fishing-is-my-cardio.html]
[teeperfect.myshopify.com/collections/animals/products/coffee-is-always-good.html]
[teeperfect.myshopify.com/collections/animals/products/nes-game-blow-me.html]
[teeperfect.myshopify.com/collections/animals/products/the-voices-in-my-head.html]
[teeperfect.myshopify.com/collections/animals/products/just-a-kid-from-buffalo.html]
[teeperfect.myshopify.com/collections/animals/products/buffalo-its-where-my-story-begins.html]
[teeperfect.myshopify.com/collections/animals/products/dad-loves-fishing.html]
[teeperfect.myshopify.com/collections/animals/products/red-gray-and-black-scissors.html]
[teeperfect.myshopify.com/collections/animals/products/limited-edition.html]
[teeperfect.myshopify.com/collections/animals/products/life-is-better-fishing.html]
[teeperfect.myshopify.com/collections/animals/products/hurry-ending-in-less-than-48-hours.html]
[teeperfect.myshopify.com/collections/animals/products/donut.html]
[teeperfect.myshopify.com/collections/animals/products/classic-1968-ugly-christmas.html]
[teeperfect.myshopify.com/collections/animals/products/youre-fishing-too-close.html]
[teeperfect.myshopify.com/collections/animals/products/triathlon-badass-eu.html]
[teeperfect.myshopify.com/collections/animals.html]
[teeperfect.myshopify.com/collections/animals/products/triathlon-just-to-finish-eu.html]
[teeperfect.myshopify.com/collections/hobbies.atom]
[teeperfect.myshopify.com/collections/hobbies4658.html]
[teeperfect.myshopify.com/collections/hobbies.oembed]
[teeperfect.myshopify.com/collections/hobbies/products/grow-your-own-food-urban-farming.html]
[teeperfect.myshopify.com/collections/hobbies/products/its-a-smith-thing.html]
[teeperfect.myshopify.com/collections/hobbies/products/limited-edition-competing-in-games.html]
[teeperfect.myshopify.com/collections/hobbies/products/growing-good-food-at-home.html]
[teeperfect.myshopify.com/collections/hobbies/products/water-is-sacred.html]
[teeperfect.myshopify.com/collections/hobbies/products/triathlon-just-to-finish-eu.html]
[teeperfect.myshopify.com/collections/hobbies/products/triathlon-badass-eu.html]
[teeperfect.myshopify.com/collections/hobbies/products/youre-fishing-too-close.html]
[teeperfect.myshopify.com/collections/hobbies/products/classic-1968-ugly-christmas.html]
[teeperfect.myshopify.com/collections/hobbies/products/donut.html]
[teeperfect.myshopify.com/collections/hobbies/products/hurry-ending-in-less-than-48-hours.html]
[teeperfect.myshopify.com/collections/hobbies/products/life-is-better-fishing.html]
[teeperfect.myshopify.com/collections/hobbies/products/limited-edition.html]
[teeperfect.myshopify.com/collections/hobbies/products/red-gray-and-black-scissors.html]
[teeperfect.myshopify.com/collections/hobbies/products/dad-loves-fishing.html]
[teeperfect.myshopify.com/collections/hobbies/products/buffalo-its-where-my-story-begins.html]
[teeperfect.myshopify.com/collections/hobbies/products/just-a-kid-from-buffalo.html]
[teeperfect.myshopify.com/collections/hobbies.html]
[teeperfect.myshopify.com/collections/hobbies/products/the-voices-in-my-head.html]
[teeperfect.myshopify.com/collections/entertainment.atom]
[teeperfect.myshopify.com/collections/entertainment4658.html]
[teeperfect.myshopify.com/collections/entertainment.oembed]
[teeperfect.myshopify.com/collections/entertainment/products/grow-your-own-food-urban-farming.html]
[teeperfect.myshopify.com/collections/entertainment/products/coffee-is-always-good.html]
[teeperfect.myshopify.com/collections/entertainment/products/youre-fishing-too-close.html]
[teeperfect.myshopify.com/collections/entertainment/products/water-is-sacred.html]
[teeperfect.myshopify.com/collections/entertainment/products/triathlon-just-to-finish-eu.html]
[teeperfect.myshopify.com/collections/entertainment/products/triathlon-badass-eu.html]
[teeperfect.myshopify.com/collections/entertainment/products/the-voices-in-my-head.html]
[teeperfect.myshopify.com/collections/entertainment/products/sorry-i-cant.html]
[teeperfect.myshopify.com/collections/entertainment/products/red-gray-and-black-scissors.html]
[teeperfect.myshopify.com/collections/entertainment/products/nes-game-blow-me.html]
[teeperfect.myshopify.com/collections/entertainment/products/limited-edition-competing-in-games.html]
[teeperfect.myshopify.com/collections/entertainment/products/limited-edition.html]
[teeperfect.myshopify.com/collections/entertainment/products/life-is-better-fishing.html]
[teeperfect.myshopify.com/collections/entertainment/products/just-a-kid-from-buffalo.html]
[teeperfect.myshopify.com/collections/entertainment/products/its-a-smith-thing.html]
[teeperfect.myshopify.com/collections/entertainment/products/hurry-ending-in-less-than-48-hours.html]
[teeperfect.myshopify.com/collections/entertainment/products/growing-good-food-at-home.html]
[teeperfect.myshopify.com/collections/entertainment.html]
[teeperfect.myshopify.com/collections/entertainment/products/fishing-is-my-cardio.html]
[teeperfect.myshopify.com/collections/awareness.atom]
[teeperfect.myshopify.com/collections/awareness4658.html]
[teeperfect.myshopify.com/collections/awareness.oembed]
[teeperfect.myshopify.com/collections/awareness/products/grow-your-own-food-urban-farming.html]
[teeperfect.myshopify.com/collections/awareness/products/buffalo-its-where-my-story-begins.html]
[teeperfect.myshopify.com/collections/awareness/products/classic-1968-ugly-christmas.html]
[teeperfect.myshopify.com/collections/awareness/products/coffee-is-always-good.html]
[teeperfect.myshopify.com/collections/awareness/products/dad-loves-fishing.html]
[teeperfect.myshopify.com/collections/awareness/products/donut.html]
[teeperfect.myshopify.com/collections/awareness/products/fishing-is-my-cardio.html]
[teeperfect.myshopify.com/collections/awareness/products/growing-good-food-at-home.html]
[teeperfect.myshopify.com/collections/awareness/products/hurry-ending-in-less-than-48-hours.html]
[teeperfect.myshopify.com/collections/awareness/products/its-a-smith-thing.html]
[teeperfect.myshopify.com/collections/awareness/products/just-a-kid-from-buffalo.html]
[teeperfect.myshopify.com/collections/awareness/products/life-is-better-fishing.html]
[teeperfect.myshopify.com/collections/awareness/products/limited-edition.html]
[teeperfect.myshopify.com/collections/awareness/products/limited-edition-competing-in-games.html]
[teeperfect.myshopify.com/collections/awareness/products/nes-game-blow-me.html]
[teeperfect.myshopify.com/collections/awareness/products/red-gray-and-black-scissors.html]
[teeperfect.myshopify.com/collections/awareness/products/sorry-i-cant.html]
[teeperfect.myshopify.com/collections/awareness.html]
[teeperfect.myshopify.com/index6789.html]
[teeperfect.myshopify.com/index972f.html]
[teeperfect.myshopify.com/indexe53d.html]
[teeperfect.myshopify.com/index8447.html]
[teeperfect.myshopify.com/index37c0.html]
[teeperfect.myshopify.com/indexd024.html]
[teeperfect.myshopify.com/collections/awareness/products/the-voices-in-my-head.html]
[teeperfect.myshopify.com/cdn/shop/t/11/assets/bg_header_lookbooke663.jpg]
[teeperfect.myshopify.com/cdn/shop/t/11/assets/lb1_16751.jpg]
[teeperfect.myshopify.com/cdn/shop/t/11/assets/lb1_20603.jpg]
[teeperfect.myshopify.com/cdn/shop/t/11/assets/lb2_128a7.jpg]
[teeperfect.myshopify.com/cdn/shop/t/11/assets/lb2_26751.jpg]
[teeperfect.myshopify.com/cdn/shop/t/11/assets/lb3_10603.jpg]
[teeperfect.myshopify.com/cdn/shop/t/11/assets/lb3_228a7.jpg]
[teeperfect.myshopify.com/cdn/shop/t/11/assets/lb4_1f2ce.jpg]
[teeperfect.myshopify.com/cdn/shop/t/11/assets/lb4_299a0.jpg]
[teeperfect.myshopify.com/pages/lookbook.html]
[teeperfect.myshopify.com/cdn/shop/t/11/assets/lbk1e0c8.jpg]
[teeperfect.myshopify.com/cdn/shop/t/11/assets/lbk1-26e96.jpg]
[teeperfect.myshopify.com/cdn/shop/t/11/assets/lbk2ab6c.jpg]
[teeperfect.myshopify.com/cdn/shop/t/11/assets/lbk2-2e6f9.jpg]
[teeperfect.myshopify.com/cdn/shop/t/11/assets/lbk37c84.jpg]
[teeperfect.myshopify.com/cdn/shop/t/11/assets/lbk3-24722.jpg]
[teeperfect.myshopify.com/cdn/shop/t/11/assets/lbk498fd.jpg]
[teeperfect.myshopify.com/cdn/shop/t/11/assets/lbk4-253a3.jpg]
[teeperfect.myshopify.com/pages/lookbook-v2.html]
[teeperfect.myshopify.com/blogs/news.atom]
[teeperfect.myshopify.com/blogs/POST]
[teeperfect.myshopify.com/cdn/shop/files/br2c1b7.jpg]
[teeperfect.myshopify.com/blogs/news/new-lookbook-women-brilliant.html]
[teeperfect.myshopify.com/cdn/shop/articles/6_1024x1024f07a.jpg]
[teeperfect.myshopify.com/cdn/shop/articles/4_1024x10245b1d.jpg]
[teeperfect.myshopify.com/blogs/news/fashion-collection-blue-color.html]
[teeperfect.myshopify.com/cdn/shop/articles/3_1024x102400cc.jpg]
[teeperfect.myshopify.com/blogs/news/new-look-women-engotheme.html]
[teeperfect.myshopify.com/cdn/shop/articles/2_1024x1024f128.jpg]
[teeperfect.myshopify.com/blogs/news/fashion-kid-trending-engotheme.html]
[teeperfect.myshopify.com/cdn/shop/articles/1_1024x102441e9.jpg]
[teeperfect.myshopify.com/blogs/news/fashion-collection-for-women.html]
[teeperfect.myshopify.com/cdn/shop/articles/2_cb73bd61-5881-4aa6-84f2-abd0878354de_1024x1024bcb2.jpg]
[teeperfect.myshopify.com/blogs/news/brilliant-were-the-perfect-team.html]
[teeperfect.myshopify.com/cdn/shop/articles/4_69c15f49-f7f6-4bb2-a002-929a6af0ec3e_1024x10243428.jpg]
[platform.twitter.com/widgets.js]
[teeperfect.myshopify.com/blogs/news/tagged/engotee.html]
[teeperfect.myshopify.com/blogs/news/tagged/sticky.html]
[teeperfect.myshopify.com/blogs/news/tagged/teeperfect.html]
[teeperfect.myshopify.com/blogs/news/tagged/women-trend.html]
[teeperfect.myshopify.com/cdn/shop/files/lb02c1b7.jpg]
[teeperfect.myshopify.com/blogs/news.html]
[teeperfect.myshopify.com/cdn/shop/t/17/assets/faviconb4f1.png]
[teeperfect.myshopify.com/cdn/shop/t/17/assets/icon-for-mobile3600.png]
[teeperfect.myshopify.com/cdn/shop/t/17/assets/icon-for-mobile_57x573600.png]
[teeperfect.myshopify.com/cdn/shop/t/17/assets/icon-for-mobile_60x603600.png]
[teeperfect.myshopify.com/cdn/shop/t/17/assets/icon-for-mobile_72x723600.png]
[teeperfect.myshopify.com/cdn/shop/t/17/assets/icon-for-mobile_76x763600.png]
[teeperfect.myshopify.com/cdn/shop/t/17/assets/icon-for-mobile_114x1143600.png]
[teeperfect.myshopify.com/cdn/shop/t/17/assets/icon-for-mobile_120x1203600.png]
[teeperfect.myshopify.com/cdn/shop/t/17/assets/icon-for-mobile_144x1443600.png]
[teeperfect.myshopify.com/cdn/shop/t/17/assets/icon-for-mobile_152x1523600.png]
[teeperfect.myshopify.com/cdn/shop/t/17/assets/timber_3.scss6db7.css]
[teeperfect.myshopify.com/cdn/shop/t/17/assets/style.scssf26b.css]
[teeperfect.myshopify.com/cdn/shop/t/17/assets/font-awesome47e4.css]
[teeperfect.myshopify.com/cdn/shop/t/17/assets/slick761d.css]
[teeperfect.myshopify.com/cdn/shop/t/17/assets/magnific-popup67d1.css]
[teeperfect.myshopify.com/cdn/shop/t/17/assets/awemenu010a.css]
[teeperfect.myshopify.com/cdn/shop/t/17/assets/main8de4.css]
[teeperfect.myshopify.com/cdn/shop/t/17/assets/YouTubePopUp8290.css]
[teeperfect.myshopify.com/cdn/shop/t/17/assets/engo-customize.scss021c.css]
[teeperfect.myshopify.com/cdn/shopifycloud/shopify/assets/storefront/bars/preview_bar_injector-0d63d5d9042661f094a10a1a668cfea7dfd8f6d9b084c04739083c9ea2b577ad.js]
[teeperfect.myshopify.com/cdn/shop/t/17/compiled_assets/stylese53a.css]
[teeperfect.myshopify.com/cdn/shop/t/17/assets/modernizr.min4176.js]
[teeperfect.myshopify.com/cdn/shop/t/17/assets/jquery.elevateZoom-3.0.8.min5a43.js]
[teeperfect.myshopify.com/cdn/shop/t/17/assets/jpreloader4e42.js]
[teeperfect.myshopify.com/cdn/shop/t/17/assets/slick.mincb1c.js]
[teeperfect.myshopify.com/cdn/shop/t/17/assets/YouTubePopUp.jquery8afb.js]
[teeperfect.myshopify.com/cdn/shop/t/17/assets/loaderda33.gif]
[teeperfect.myshopify.com/cdn/shop/t/17/assets/shopstorm-apps.scss42c4.css]
[teeperfect.myshopify.com/blogs/news/POST]
[teeperfect.myshopify.com/cdn/shop/t/17/assets/logo-white-br-h43540.png]
[teeperfect.myshopify.com/cdn/shop/t/17/assets/ms1_lc_imgb879.jpg]
[teeperfect.myshopify.com/cdn/shop/t/17/assets/bg-header-blog-detail0525.jpg]
[teeperfect.myshopify.com/cdn/shop/t/17/assets/logo-small-white2ef6.png]
[teeperfect.myshopify.com/cdn/shop/t/17/assets/fastclick.minc60a.js]
[teeperfect.myshopify.com/cdn/shop/t/17/assets/jquery.currencies.min2fc8.js]
[teeperfect.myshopify.com/cdn/shop/t/17/assets/timberc37a.js]
[teeperfect.myshopify.com/cdn/shop/t/17/assets/jquery-ui.mineac2.js]
[teeperfect.myshopify.com/cdn/shop/t/17/assets/bootstrap.minf9f9.js]
[teeperfect.myshopify.com/cdn/shop/t/17/assets/handlebars.min223a.js]
[teeperfect.myshopify.com/cdn/shop/t/17/assets/ajax-cart4184.js]
[teeperfect.myshopify.com/cdn/shop/t/17/assets/engo-pluginsc119.js]
[teeperfect.myshopify.com/cdn/shop/t/17/assets/collectionef9c.js]
[teeperfect.myshopify.com/cdn/shop/t/17/assets/awemenu.min7e09.js]
[teeperfect.myshopify.com/cdn/shop/t/17/assets/jquery.fittext7fbd.js]
[teeperfect.myshopify.com/cdn/shop/t/17/assets/masonry.pkgd.mine045.js]
[teeperfect.myshopify.com/cdn/shop/t/17/assets/imagesloaded.pkgd.minb0f2.js]
[teeperfect.myshopify.com/cdn/shop/t/17/assets/jquery.magnific-popup.min9b22.js]
[teeperfect.myshopify.com/cdn/shop/t/17/assets/maincbc8.js]
[teeperfect.myshopify.com/cdn/shop/t/17/assets/engo-scripts67ff.js]
[teeperfect.myshopify.com/cdn/shop/t/17/assets/engo-autocomplate8852.js]
[teeperfect.myshopify.com/cdn/shop/t/17/assets/instafeed.mind4ba.js]
[teeperfect.myshopify.com/cdn/shop/t/17/assets/logo-black61a3.png]
[teeperfect.myshopify.com/blogs/news/minimal-trending-fashion-summer-2017.html]
[teeperfect.myshopify.com/cdn/shop/t/17/assets/logoe53a.png]
[teeperfect.myshopify.com/cdn/shop/files/br5629.jpg]
[teeperfect.myshopify.com/cdn/shop/collections/animals_grande6bcf.jpg]
[teeperfect.myshopify.com/cdn/shop/collections/awareness_ef6f204d-57bd-44ad-8449-e69b6901baad_grande0803.jpg]
[teeperfect.myshopify.com/cdn/shop/collections/entertainment_grande2493.jpg]
[teeperfect.myshopify.com/cdn/shop/collections/family_grande8e79.jpg]
[teeperfect.myshopify.com/cdn/shop/collections/hobbies_grande4106.jpg]
[teeperfect.myshopify.com/cdn/shop/collections/sport_grande2af4.jpg]
[teeperfect.myshopify.com/collections.html]
[teeperfect.myshopify.com/cdn/shop/products/front_1_5a2f35fa-a7e8-4b42-90c3-111001fd6d5e_grande608d.jpg]
[teeperfect.myshopify.com/cdn/shop/products/front_2_940d7d16-8b7c-4044-b8cf-f570d93c7c23_grande608d.jpg]
[teeperfect.myshopify.com/cdn/shop/products/front_326dea28-674e-4434-856d-73e8c3a20518_medium608d.jpg]
[teeperfect.myshopify.com/products/donut.oembed]
[teeperfect.myshopify.com/products/POST]
[teeperfect.myshopify.com/cdn/shop/products/front_326dea28-674e-4434-856d-73e8c3a20518608d.jpg]
[teeperfect.myshopify.com/cdn/shop/products/front_1_5a2f35fa-a7e8-4b42-90c3-111001fd6d5e608d.jpg]
[teeperfect.myshopify.com/cdn/shop/products/front_2_940d7d16-8b7c-4044-b8cf-f570d93c7c23608d.jpg]
[teeperfect.myshopify.com/cdn/shop/products/front_3_d12d148e-8334-4ef4-b79a-0b82e2de3704608d.jpg]
[teeperfect.myshopify.com/cdn/shop/products/front_4_3fd5520c-ee45-42d5-b156-117565f31858608d.jpg]
[teeperfect.myshopify.com/cdn/shop/products/front_5_646ac98e-76b6-48b1-8831-b0a1920df915608d.jpg]
[teeperfect.myshopify.com/cdn/shop/products/front_6_94429a69-0ddb-4ae5-a7e5-1c6e61cc2cdc608d.jpg]
[teeperfect.myshopify.com/cdn/shop/products/front_7_cb46c118-f1eb-4fbd-88b8-90b1de4ba6a0608d.jpg]
[teeperfect.myshopify.com/cdn/shop/products/front_8_009eb76c-d3e5-46e5-85d0-9f84b5e02355608d.jpg]
[teeperfect.myshopify.com/cdn/shop/products/front_9_ad3691a5-1ef0-4a95-bebe-54de54fb9dbb608d.jpg]
[teeperfect.myshopify.com/cdn/shop/products/front_10_07138af0-903c-4bf6-9d33-c0c1940a7841608d.jpg]
[teeperfect.myshopify.com/cdn/shop/t/17/assets/icon_media_close1e2b.gif]
[teeperfect.myshopify.com/cdn/shop/t/17/assets/soldout_swatch3ec3.png]
[teeperfect.myshopify.com/cdn/shop/files/orangee53a.png]
[teeperfect.myshopify.com/cdn/shop/files/whitee53a.png]
[teeperfect.myshopify.com/cdn/shop/files/blacke53a.png]
[teeperfect.myshopify.com/cdn/shop/files/bluee53a.png]
[teeperfect.myshopify.com/cdn/shop/files/violete53a.png]
[teeperfect.myshopify.com/cdn/shop/files/pinke53a.png]
[teeperfect.myshopify.com/cdn/shop/files/rede53a.png]
[teeperfect.myshopify.com/cdn/shop/files/pd_payment5b07.jpg]
[teeperfect.myshopify.com/products/donut.html]
[teeperfect.myshopify.com/cdn/shop/products/front_65701687-760b-44da-a0bf-cacc7c8b288d_grande58c4.jpg]
[teeperfect.myshopify.com/cdn/shop/products/front_1_c0aa3012-ebce-4946-abc7-a9ce92835e6a_grande58c4.jpg]
[teeperfect.myshopify.com/cdn/shop/products/front_9_dff09824-14f1-4e40-8f16-f8ce82dc4d68_medium58c4.jpg]
[teeperfect.myshopify.com/products/sorry-i-cant.oembed]
[teeperfect.myshopify.com/cdn/shop/products/front_9_dff09824-14f1-4e40-8f16-f8ce82dc4d6858c4.jpg]
[teeperfect.myshopify.com/cdn/shop/products/front_65701687-760b-44da-a0bf-cacc7c8b288d58c4.jpg]
[teeperfect.myshopify.com/cdn/shop/products/front_1_c0aa3012-ebce-4946-abc7-a9ce92835e6a58c4.jpg]
[teeperfect.myshopify.com/cdn/shop/products/front_2_8d11e97c-924a-4a12-8a33-a38e043267a658c4.jpg]
[teeperfect.myshopify.com/cdn/shop/products/front_3_34c1de34-f07b-4f18-a583-0980fbdf4ef158c4.jpg]
[teeperfect.myshopify.com/cdn/shop/products/front_4_748911fd-16a0-494f-81ed-d526d3e1017458c4.jpg]
[teeperfect.myshopify.com/cdn/shop/products/front_5_c7188cef-3a63-46a3-abe1-e9b65f65614058c4.jpg]
[teeperfect.myshopify.com/cdn/shop/products/front_6_a5348276-8b06-439f-b858-4e76fda4ff6858c4.jpg]
[teeperfect.myshopify.com/cdn/shop/files/yellowe53a.png]
[teeperfect.myshopify.com/cdn/shop/files/gainsboroe53a.png]
[teeperfect.myshopify.com/products/sorry-i-cant.html]
[teeperfect.myshopify.com/cdn/shop/t/17/assets/background_header_aboutus28a3.jpg]
[teeperfect.myshopify.com/cdn/shop/t/17/assets/img_content_aboutus07fa.jpg]
[teeperfect.myshopify.com/cdn/shop/t/17/assets/br-team-1312e.jpg]
[teeperfect.myshopify.com/cdn/shop/t/17/assets/br-team-27298.jpg]
[teeperfect.myshopify.com/cdn/shop/t/17/assets/br-team-336fb.jpg]
[teeperfect.myshopify.com/cdn/shop/t/17/assets/br-team-499fe.jpg]
[teeperfect.myshopify.com/pages/about-us.html]
[teeperfect.myshopify.com/cdn/shop/t/17/assets/background_header_contactef95.jpg]
[teeperfect.myshopify.com/cdn/shop/t/17/assets/img_content_contact5954.jpg]
[teeperfect.myshopify.com/pages/shopifycenter@gmail.com]
[teeperfect.myshopify.com/cdn/shop/t/17/assets/logo-contact89bd.png]
[teeperfect.myshopify.com/pages/contact-us.html]
[teeperfect.myshopify.com/404Error.html]
[teeperfect.myshopify.com/cdn/shop/t/17/assets/gmaps.minc9f2.js]
[teeperfect.myshopify.com/cdn/shop/t/17/assets/cms_bg28c7.jpg]
[teeperfect.myshopify.com/cdn/shop/t/17/assets/cms_logo6a44.png]
[teeperfect.myshopify.com/pages/comming-soon.html]
[teeperfect.myshopify.com/cdn/shop/products/front_2_b29d1279-0f96-4edb-b0f7-e4ae614532a0_grande0582.jpg]
[teeperfect.myshopify.com/cdn/shop/products/front_f23f4c7f-e0c6-4ca0-a0ef-e5640432c652_grande0582.jpg]
[teeperfect.myshopify.com/cdn/shop/products/front_1_6ff88254-7641-4444-9711-a866b240b4ca_medium0582.jpg]
[teeperfect.myshopify.com/products/grow-your-own-food-urban-farming.oembed]
[teeperfect.myshopify.com/cdn/shop/products/front_1_6ff88254-7641-4444-9711-a866b240b4ca0582.jpg]
[teeperfect.myshopify.com/cdn/shop/products/front_2_b29d1279-0f96-4edb-b0f7-e4ae614532a00582.jpg]
[teeperfect.myshopify.com/cdn/shop/products/front_f23f4c7f-e0c6-4ca0-a0ef-e5640432c6520582.jpg]
[teeperfect.myshopify.com/cdn/shop/products/front_3_23f760c9-e200-488e-948f-e099e785a0770582.jpg]
[teeperfect.myshopify.com/cdn/shop/products/front_4_dff9fe96-cab0-498e-a197-ac5f72dfae590582.jpg]
[teeperfect.myshopify.com/cdn/shop/products/front_5_002ede9c-bc69-433e-8554-979cf50a9cf50582.jpg]
[teeperfect.myshopify.com/cdn/shop/products/front_6_6b7c364f-8e0a-4ab4-b433-3ab0819358cc0582.jpg]
[teeperfect.myshopify.com/cdn/shop/files/midnightbluee53a.png]
[teeperfect.myshopify.com/cdn/shop/files/greene53a.png]
[teeperfect.myshopify.com/cdn/shop/files/browne53a.png]
[teeperfect.myshopify.com/products/grow-your-own-food-urban-farming.html]
[teeperfect.myshopify.com/cdn/shop/products/front_8c03ea76-ca67-416b-8f66-681d06dc6da7_grande17ab.jpg]
[teeperfect.myshopify.com/cdn/shop/products/front_1_7f8270ea-025d-4320-8ae8-70b85b62a4b0_grande17ab.jpg]
[teeperfect.myshopify.com/cdn/shop/products/front_13_medium17ab.jpg]
[teeperfect.myshopify.com/products/fishing-is-my-cardio.oembed]
[teeperfect.myshopify.com/cdn/shop/products/front_1317ab.jpg]
[teeperfect.myshopify.com/cdn/shop/products/front_8c03ea76-ca67-416b-8f66-681d06dc6da717ab.jpg]
[teeperfect.myshopify.com/cdn/shop/products/front_1_7f8270ea-025d-4320-8ae8-70b85b62a4b017ab.jpg]
[teeperfect.myshopify.com/cdn/shop/products/front_2_c9c20426-651c-416d-8731-5afa4bcb39db17ab.jpg]
[teeperfect.myshopify.com/cdn/shop/products/front_317ab.jpg]
[teeperfect.myshopify.com/cdn/shop/products/front_417ab.jpg]
[teeperfect.myshopify.com/cdn/shop/products/front_517ab.jpg]
[teeperfect.myshopify.com/cdn/shop/products/front_617ab.jpg]
[teeperfect.myshopify.com/cdn/shop/products/front_717ab.jpg]
[teeperfect.myshopify.com/cdn/shop/files/slategraye53a.png]
[teeperfect.myshopify.com/products/fishing-is-my-cardio.html]
[teeperfect.myshopify.com/cdn/shop/products/9000_medium36ea.jpg]
[teeperfect.myshopify.com/products/coffee-is-always-good.oembed]
[teeperfect.myshopify.com/cdn/shop/products/900036ea.jpg]
[teeperfect.myshopify.com/products/coffee-is-always-good.html]
[teeperfect.myshopify.com/cdn/shop/products/front_7eb2883d-a64b-4089-8922-3a8e92d62d6c_grandec3b5.jpg]
[teeperfect.myshopify.com/cdn/shop/products/front_1_e8904b0e-21e2-4dcb-8b24-c26d5468163a_grandec3b5.jpg]
[teeperfect.myshopify.com/cdn/shop/products/front_5_30a53e6b-8843-4f4f-bb48-be0b91033518_mediumc3b5.jpg]
[teeperfect.myshopify.com/products/nes-game-blow-me.oembed]
[teeperfect.myshopify.com/cdn/shop/products/front_5_30a53e6b-8843-4f4f-bb48-be0b91033518c3b5.jpg]
[teeperfect.myshopify.com/cdn/shop/products/front_7eb2883d-a64b-4089-8922-3a8e92d62d6cc3b5.jpg]
[teeperfect.myshopify.com/cdn/shop/products/front_1_e8904b0e-21e2-4dcb-8b24-c26d5468163ac3b5.jpg]
[teeperfect.myshopify.com/cdn/shop/products/front_2_09533cbf-9c7b-4817-b7d1-73d922acc2aac3b5.jpg]
[teeperfect.myshopify.com/cdn/shop/products/front_3_8a1fbda0-7552-43f4-916e-b77ef10663b8c3b5.jpg]
[teeperfect.myshopify.com/cdn/shop/products/front_4_50edb7d6-9441-4ee1-ba98-a7119323ad35c3b5.jpg]
[teeperfect.myshopify.com/cdn/shop/products/front_6_fc2387dd-7c29-47b2-a97b-e103f9c03269c3b5.jpg]
[teeperfect.myshopify.com/cdn/shop/products/front_7_0f131874-0a2f-47cd-b696-ebd0f0c68308c3b5.jpg]
[teeperfect.myshopify.com/cdn/shop/products/front_8_2c7ccb29-2789-4ad9-866c-b2c69f08aa20c3b5.jpg]
[teeperfect.myshopify.com/cdn/shop/files/dodgerbluee53a.png]
[teeperfect.myshopify.com/cdn/shop/files/golde53a.png]
[teeperfect.myshopify.com/cdn/shop/files/darkturquoisee53a.png]
[teeperfect.myshopify.com/cdn/shop/files/deeppinke53a.png]
[teeperfect.myshopify.com/products/nes-game-blow-me.html]
[teeperfect.myshopify.com/cdn/shop/products/front_96333cd1-9b06-4071-8bc6-97eb56d586a9_grande787b.jpg]
[teeperfect.myshopify.com/cdn/shop/products/front_1_eca3435f-c928-496e-b842-11733e65048c_grande787b.jpg]
[teeperfect.myshopify.com/cdn/shop/products/front21_medium787b.jpg]
[teeperfect.myshopify.com/products/the-voices-in-my-head.oembed]
[teeperfect.myshopify.com/cdn/shop/products/front21787b.jpg]
[teeperfect.myshopify.com/cdn/shop/products/front_96333cd1-9b06-4071-8bc6-97eb56d586a9787b.jpg]
[teeperfect.myshopify.com/cdn/shop/products/front_1_eca3435f-c928-496e-b842-11733e65048c787b.jpg]
[teeperfect.myshopify.com/cdn/shop/products/front_2_7f50fafe-5b7b-4afb-acba-8a7684bb3d54787b.jpg]
[teeperfect.myshopify.com/cdn/shop/products/front_3_7d99d3f6-31eb-4c4d-970b-bebb3fd9a9e7787b.jpg]
[teeperfect.myshopify.com/cdn/shop/products/front_4_d3e5e867-b075-430d-980e-7743d2a4acc5787b.jpg]
[teeperfect.myshopify.com/cdn/shop/products/front_5_fe5ad879-f323-49d5-afe5-0d715c5719a0787b.jpg]
[teeperfect.myshopify.com/cdn/shop/products/front_6_138b54df-6cb3-4bae-aeab-ab3958eff649787b.jpg]
[teeperfect.myshopify.com/cdn/shop/products/front_12_2c6dd264-aee8-488f-80f4-f27b83b57eea787b.jpg]
[teeperfect.myshopify.com/cdn/shop/products/front_13_ada27a1d-25dd-41a5-9c77-199d5a27f974787b.jpg]
[teeperfect.myshopify.com/cdn/shop/files/rosybrowne53a.png]
[teeperfect.myshopify.com/products/the-voices-in-my-head.html]
[teeperfect.myshopify.com/cdn/shop/products/front_a54fb6be-8d8c-4a53-b63a-226e93bb8d6b_grande24d0.jpg]
[teeperfect.myshopify.com/cdn/shop/products/front_1_32763941-897b-44fc-a148-a6234c9ff933_grande24d0.jpg]
[teeperfect.myshopify.com/cdn/shop/products/front_7_79022276-d6a1-47c3-9281-d96ab8bb72b2_medium24d0.jpg]
[teeperfect.myshopify.com/products/just-a-kid-from-buffalo.oembed]
[teeperfect.myshopify.com/cdn/shop/products/front_7_79022276-d6a1-47c3-9281-d96ab8bb72b224d0.jpg]
[teeperfect.myshopify.com/cdn/shop/products/front_a54fb6be-8d8c-4a53-b63a-226e93bb8d6b24d0.jpg]
[teeperfect.myshopify.com/cdn/shop/products/front_1_32763941-897b-44fc-a148-a6234c9ff93324d0.jpg]
[teeperfect.myshopify.com/cdn/shop/products/front_2_8e35058e-fe7f-44f1-8de9-ab19dd7643e724d0.jpg]
[teeperfect.myshopify.com/cdn/shop/products/front_3_643b0bda-c4da-4758-bff2-0c195a05487024d0.jpg]
[teeperfect.myshopify.com/cdn/shop/products/front_4_20fc64c1-5349-4394-9fab-076634a4bd6924d0.jpg]
[teeperfect.myshopify.com/cdn/shop/products/front_5_60c51102-b202-492e-b01d-a39071bc031924d0.jpg]
[teeperfect.myshopify.com/cdn/shop/products/front_6_87918045-ccf3-4c6f-9d3a-4ff183aa567524d0.jpg]
[teeperfect.myshopify.com/cdn/shop/products/front_8_287ee9c4-8574-46d3-b623-288e3c89b53a24d0.jpg]
[teeperfect.myshopify.com/cdn/shop/products/front_9_099aab5b-15d7-4c5b-a1e5-804e9addb37224d0.jpg]
[teeperfect.myshopify.com/cdn/shop/products/front_10_47e98baa-63b9-4935-a721-4d0ff82e0a9f24d0.jpg]
[teeperfect.myshopify.com/cdn/shop/products/front_11_3eaab1e0-131c-45d7-9645-329a3a49b70724d0.jpg]
[teeperfect.myshopify.com/products/just-a-kid-from-buffalo.html]
[teeperfect.myshopify.com/cdn/shop/products/front_d916dd8a-705f-4d61-b7c4-e6d04cf8479f_grande5c81.jpg]
[teeperfect.myshopify.com/cdn/shop/products/front_1_df0266fb-bb33-42a4-8397-5824a62b3f49_grande5c81.jpg]
[teeperfect.myshopify.com/cdn/shop/products/front_12_64129f1c-cd6f-48d3-9646-f0ba35bec8b4_medium5c81.jpg]
[teeperfect.myshopify.com/products/buffalo-its-where-my-story-begins.oembed]
[teeperfect.myshopify.com/cdn/shop/products/front_12_64129f1c-cd6f-48d3-9646-f0ba35bec8b45c81.jpg]
[teeperfect.myshopify.com/cdn/shop/products/front_d916dd8a-705f-4d61-b7c4-e6d04cf8479f5c81.jpg]
[teeperfect.myshopify.com/cdn/shop/products/front_1_df0266fb-bb33-42a4-8397-5824a62b3f495c81.jpg]
[teeperfect.myshopify.com/cdn/shop/products/front_2_1d343bb3-b2a8-4dbe-904e-12333342b7dc5c81.jpg]
[teeperfect.myshopify.com/cdn/shop/products/front_3_1bf86448-195b-4e80-be70-6c51b063679f5c81.jpg]
[teeperfect.myshopify.com/cdn/shop/products/front_4_b0ef2d7c-90bc-45ab-b48b-d2e4f32ba7235c81.jpg]
[teeperfect.myshopify.com/cdn/shop/products/front_5_2ad88093-b33c-4762-8a33-8505ecc75f465c81.jpg]
[teeperfect.myshopify.com/cdn/shop/products/front_6_dfd11278-1858-4d7d-8c73-907b01eba19f5c81.jpg]
[teeperfect.myshopify.com/cdn/shop/products/front_7_1efb5c42-e76e-4181-92d8-6b425296496d5c81.jpg]
[teeperfect.myshopify.com/cdn/shop/products/front_8_94443740-d4c4-40c2-bb7a-cc5d99743c045c81.jpg]
[teeperfect.myshopify.com/cdn/shop/products/front_9_cc6fff85-a551-4aa2-9b1b-264f838d81ca5c81.jpg]
[teeperfect.myshopify.com/cdn/shop/products/front_10_87e132ec-2c74-4989-8d80-2b65255191ac5c81.jpg]
[teeperfect.myshopify.com/products/buffalo-its-where-my-story-begins.html]
[teeperfect.myshopify.com/cdn/shop/products/front_7_e6eae851-511f-47d9-bd46-9c933336399f_grandeb867.jpg]
[teeperfect.myshopify.com/cdn/shop/products/front_1_1af036c1-402c-4e77-962d-59c7491dc3a9_grandeb867.jpg]
[teeperfect.myshopify.com/cdn/shop/products/front_07c9f49f-3404-4528-a2a2-5d56ae16746f_mediumb867.jpg]
[teeperfect.myshopify.com/products/dad-loves-fishing.oembed]
[teeperfect.myshopify.com/cdn/shop/products/front_07c9f49f-3404-4528-a2a2-5d56ae16746fb867.jpg]
[teeperfect.myshopify.com/cdn/shop/products/front_7_e6eae851-511f-47d9-bd46-9c933336399fb867.jpg]
[teeperfect.myshopify.com/cdn/shop/products/front_1_1af036c1-402c-4e77-962d-59c7491dc3a9b867.jpg]
[teeperfect.myshopify.com/cdn/shop/products/front_2_642f6114-4c0e-46d8-a2a5-7d74d403d2d1b867.jpg]
[teeperfect.myshopify.com/cdn/shop/products/front_3_94251ebb-53b3-4d11-bf92-d866480afbacb867.jpg]
[teeperfect.myshopify.com/cdn/shop/products/front_4_cf4da7a0-982c-4708-b887-fc3bd6e13db2b867.jpg]
[teeperfect.myshopify.com/cdn/shop/products/front_5_4e3d90e3-392b-4560-8057-1747944c3157b867.jpg]
[teeperfect.myshopify.com/cdn/shop/products/front_6_3e57c292-3e6b-41ca-bc93-4a10686f8101b867.jpg]
[teeperfect.myshopify.com/cdn/shop/products/front_9b867.jpg]
[teeperfect.myshopify.com/cdn/shop/products/front_10b867.jpg]
[teeperfect.myshopify.com/cdn/shop/products/front_11b867.jpg]
[teeperfect.myshopify.com/cdn/shop/products/front_8_73ab8a99-4b07-4b14-a671-6c34890f7dc7b867.jpg]
[teeperfect.myshopify.com/cdn/shop/products/front_18b867.jpg]
[teeperfect.myshopify.com/cdn/shop/files/whitesmokee53a.png]
[teeperfect.myshopify.com/cdn/shop/files/silvere53a.png]
[teeperfect.myshopify.com/cdn/shop/files/steelbluee53a.png]
[teeperfect.myshopify.com/cdn/shop/files/cornflowerbluee53a.png]
[teeperfect.myshopify.com/products/dad-loves-fishing.html]
[teeperfect.myshopify.com/cdn/shop/products/front_1_5aa4bb40-72de-4a45-88b3-6e0672f3d680_grandea64f.jpg]
[teeperfect.myshopify.com/cdn/shop/products/front_3f8e8f78-6df5-4c69-94b9-1f8ce22edce3_grandea64f.jpg]
[teeperfect.myshopify.com/cdn/shop/products/front_11_ccc42727-6bb2-45dd-9afd-2e14b977dc3e_mediuma64f.jpg]
[teeperfect.myshopify.com/products/red-gray-and-black-scissors.oembed]
[teeperfect.myshopify.com/cdn/shop/products/front_11_ccc42727-6bb2-45dd-9afd-2e14b977dc3ea64f.jpg]
[teeperfect.myshopify.com/cdn/shop/products/front_1_5aa4bb40-72de-4a45-88b3-6e0672f3d680a64f.jpg]
[teeperfect.myshopify.com/cdn/shop/products/front_3f8e8f78-6df5-4c69-94b9-1f8ce22edce3a64f.jpg]
[teeperfect.myshopify.com/cdn/shop/products/front_2_010ebe6a-22c9-4c1c-9508-e8dad24c63c9a64f.jpg]
[teeperfect.myshopify.com/cdn/shop/products/front_12a64f.jpg]
[teeperfect.myshopify.com/cdn/shop/products/front_4_0372ffc2-ef1d-4f2b-a99b-3b8f1919aeb1a64f.jpg]
[teeperfect.myshopify.com/cdn/shop/products/front_5_5a8931c8-a7ee-48a5-8c4f-e80a2b9d3cbda64f.jpg]
[teeperfect.myshopify.com/cdn/shop/products/front_6_5d5685d9-6f8e-47aa-aa7f-904498169e06a64f.jpg]
[teeperfect.myshopify.com/cdn/shop/files/skybluee53a.png]
[teeperfect.myshopify.com/cdn/shop/files/slivere53a.png]
[teeperfect.myshopify.com/products/red-gray-and-black-scissors.html]
[teeperfect.myshopify.com/cdn/shop/products/front_b08a129a-1ed5-4b4c-bd3d-51fca61cf10d_grande6de3.jpg]
[teeperfect.myshopify.com/cdn/shop/products/front_1_45a1d377-d482-4291-9bd4-8901ae189543_grande6de3.jpg]
[teeperfect.myshopify.com/cdn/shop/products/front_16_medium6de3.jpg]
[teeperfect.myshopify.com/products/limited-edition.oembed]
[teeperfect.myshopify.com/cdn/shop/products/front_166de3.jpg]
[teeperfect.myshopify.com/cdn/shop/products/front_b08a129a-1ed5-4b4c-bd3d-51fca61cf10d6de3.jpg]
[teeperfect.myshopify.com/cdn/shop/products/front_1_45a1d377-d482-4291-9bd4-8901ae1895436de3.jpg]
[teeperfect.myshopify.com/cdn/shop/products/front_2_ece30814-a544-4622-9117-b35067797c206de3.jpg]
[teeperfect.myshopify.com/cdn/shop/products/front_3_b186a4b3-26f5-4c20-bd74-b14cc680524a6de3.jpg]
[teeperfect.myshopify.com/cdn/shop/products/front_4_c94022f3-18de-45fe-9259-a0427781310d6de3.jpg]
[teeperfect.myshopify.com/cdn/shop/products/front_5_147c242a-6803-4a2b-bf86-a13ee9219da46de3.jpg]
[teeperfect.myshopify.com/cdn/shop/products/front_6_cbb4965a-df5e-47af-a4e9-fd9b968649146de3.jpg]
[teeperfect.myshopify.com/cdn/shop/products/front_7_da681863-3145-4af9-97d5-5d8ac1c90c4f6de3.jpg]
[teeperfect.myshopify.com/cdn/shop/products/front_8_1585bd8d-8036-4d1e-9b5f-a11028e7562a6de3.jpg]
[teeperfect.myshopify.com/cdn/shop/products/front_9_6a3ee3f5-1d0b-45e3-841e-b6f7985926886de3.jpg]
[teeperfect.myshopify.com/cdn/shop/products/front_10_702bf35f-e8a4-4097-afeb-944f8ed629266de3.jpg]
[teeperfect.myshopify.com/cdn/shop/products/front_11_90bb2d0d-092a-4a36-ade0-a6c099a7ec626de3.jpg]
[teeperfect.myshopify.com/cdn/shop/files/seagreene53a.png]
[teeperfect.myshopify.com/cdn/shop/files/royalbluee53a.png]
[teeperfect.myshopify.com/cdn/shop/files/saddlebrowne53a.png]
[teeperfect.myshopify.com/cdn/shop/files/dimgraye53a.png]
[teeperfect.myshopify.com/cdn/shop/files/navye53a.png]
[teeperfect.myshopify.com/products/limited-edition.html]
[teeperfect.myshopify.com/cdn/shop/products/front_1_0a8ed559-74b2-465a-9ba3-0457e68ab444_grande26fc.jpg]
[teeperfect.myshopify.com/cdn/shop/products/front_2_4198fddf-b6be-40e6-9df0-ba2a345a81a1_grande26fc.jpg]
[teeperfect.myshopify.com/cdn/shop/products/front_1f1b1df0-1c6a-49ef-972d-afa9fe2eec83_medium26fc.jpg]
[teeperfect.myshopify.com/products/life-is-better-fishing.oembed]
[teeperfect.myshopify.com/cdn/shop/products/front_1f1b1df0-1c6a-49ef-972d-afa9fe2eec8326fc.jpg]
[teeperfect.myshopify.com/cdn/shop/products/front_1_0a8ed559-74b2-465a-9ba3-0457e68ab44426fc.jpg]
[teeperfect.myshopify.com/cdn/shop/products/front_2_4198fddf-b6be-40e6-9df0-ba2a345a81a126fc.jpg]
[teeperfect.myshopify.com/cdn/shop/products/front_3_65747dc0-3d5d-4994-91ce-77fb1123bc0826fc.jpg]
[teeperfect.myshopify.com/cdn/shop/products/front_4_397a15c0-aeb8-4beb-84ee-00bc165b0d5926fc.jpg]
[teeperfect.myshopify.com/cdn/shop/products/front_5_e7217d52-ec5a-401d-a446-5bd95ca887d426fc.jpg]
[teeperfect.myshopify.com/cdn/shop/products/front_6_b65f9f51-32f7-435e-8b14-949c7451933526fc.jpg]
[teeperfect.myshopify.com/cdn/shop/products/front_7_b590cafa-bdc1-41d8-b020-2340fd7676cb26fc.jpg]
[teeperfect.myshopify.com/cdn/shop/products/front_826fc.jpg]
[teeperfect.myshopify.com/cdn/shop/files/olivee53a.png]
[teeperfect.myshopify.com/products/life-is-better-fishing.html]
[teeperfect.myshopify.com/cdn/shop/products/front_1_grande20f2.jpg]
[teeperfect.myshopify.com/cdn/shop/products/front_2_grande20f2.jpg]
[teeperfect.myshopify.com/cdn/shop/products/front_medium20f2.jpg]
[teeperfect.myshopify.com/products/hurry-ending-in-less-than-48-hours.oembed]
[teeperfect.myshopify.com/cdn/shop/products/front20f2.jpg]
[teeperfect.myshopify.com/cdn/shop/products/front_120f2.jpg]
[teeperfect.myshopify.com/cdn/shop/products/front_220f2.jpg]
[teeperfect.myshopify.com/cdn/shop/products/front_4_5ebcb50b-10a0-4e7b-80a2-72fe33a9a8a320f2.jpg]
[teeperfect.myshopify.com/cdn/shop/products/frontx_120f2.jpg]
[teeperfect.myshopify.com/cdn/shop/products/frontx_220f2.jpg]
[teeperfect.myshopify.com/cdn/shop/products/frontx_320f2.jpg]
[teeperfect.myshopify.com/cdn/shop/files/darkgreene53a.png]
[teeperfect.myshopify.com/cdn/shop/files/forestgreene53a.png]
[teeperfect.myshopify.com/products/hurry-ending-in-less-than-48-hours.html]
[teeperfect.myshopify.com/cdn/shop/products/front_32ada9e6-67c7-4eb0-bb6c-80878e23092f_grande2bf7.jpg]
[teeperfect.myshopify.com/cdn/shop/products/front_1_cb074bd4-4c68-4f44-957f-1115adf3d283_grande2bf7.jpg]
[teeperfect.myshopify.com/cdn/shop/products/front_3_43a0e2e1-ce43-44f4-936f-ffbe9151a4c6_medium2bf7.jpg]
[teeperfect.myshopify.com/products/classic-1968-ugly-christmas.oembed]
[teeperfect.myshopify.com/cdn/shop/products/front_3_43a0e2e1-ce43-44f4-936f-ffbe9151a4c62bf7.jpg]
[teeperfect.myshopify.com/cdn/shop/products/front_32ada9e6-67c7-4eb0-bb6c-80878e23092f2bf7.jpg]
[teeperfect.myshopify.com/cdn/shop/products/front_1_cb074bd4-4c68-4f44-957f-1115adf3d2832bf7.jpg]
[teeperfect.myshopify.com/cdn/shop/products/front_2_0e09ccd1-9cc7-4153-a5b5-4988d0f1bf662bf7.jpg]
[teeperfect.myshopify.com/cdn/shop/products/front_4_eda94eef-87d6-490b-b449-1f55f5f4832f2bf7.jpg]
[teeperfect.myshopify.com/cdn/shop/products/front_5_d05469da-7f56-4bfd-a1c1-a92afccf6ada2bf7.jpg]
[teeperfect.myshopify.com/cdn/shop/products/front_6_b64981dd-8f9d-4092-b329-673ef0ed30ea2bf7.jpg]
[teeperfect.myshopify.com/cdn/shop/files/darkbluee53a.png]
[teeperfect.myshopify.com/cdn/shop/files/darkrede53a.png]
[teeperfect.myshopify.com/products/classic-1968-ugly-christmas.html]
[teeperfect.myshopify.com/cdn/shop/products/front_7_39d56a8c-1f2e-456d-a4fa-82a6a494eaa5_grande4d23.jpg]
[teeperfect.myshopify.com/cdn/shop/products/front_1_942dc499-2120-4ce0-8b1d-5478ad59e226_grande4d23.jpg]
[teeperfect.myshopify.com/cdn/shop/products/front_14_medium4d23.jpg]
[teeperfect.myshopify.com/products/youre-fishing-too-close.oembed]
[teeperfect.myshopify.com/cdn/shop/products/front_144d23.jpg]
[teeperfect.myshopify.com/cdn/shop/products/front_7_39d56a8c-1f2e-456d-a4fa-82a6a494eaa54d23.jpg]
[teeperfect.myshopify.com/cdn/shop/products/front_1_942dc499-2120-4ce0-8b1d-5478ad59e2264d23.jpg]
[teeperfect.myshopify.com/cdn/shop/products/front_2_0d6f863d-eafc-491a-9d87-f1387ed691404d23.jpg]
[teeperfect.myshopify.com/cdn/shop/products/front_3_d6f39aa6-f83c-41dd-aac8-d3b158c2d1b24d23.jpg]
[teeperfect.myshopify.com/cdn/shop/products/front_4_2ad38a0f-c3d2-402d-be7b-87baff16719b4d23.jpg]
[teeperfect.myshopify.com/cdn/shop/products/front_5_6eb95924-360c-45f5-8eea-169614addceb4d23.jpg]
[teeperfect.myshopify.com/cdn/shop/products/front_6_aa43479d-3b35-40bd-83d0-829ab4e6f9b94d23.jpg]
[teeperfect.myshopify.com/products/youre-fishing-too-close.html]
[teeperfect.myshopify.com/cdn/shop/products/front_fdaa5c6a-af85-4e1a-b5dd-f3d11613695d_grande5e4c.jpg]
[teeperfect.myshopify.com/cdn/shop/products/front_1_aa4ab0a3-468b-41f7-bd72-8c2ee923bfe1_grande5e4c.jpg]
[teeperfect.myshopify.com/cdn/shop/products/front_7_60a69b2e-1392-4b52-8e4b-5863203e29e8_medium5e4c.jpg]
[teeperfect.myshopify.com/products/triathlon-badass-eu.oembed]
[teeperfect.myshopify.com/cdn/shop/products/front_7_60a69b2e-1392-4b52-8e4b-5863203e29e85e4c.jpg]
[teeperfect.myshopify.com/cdn/shop/products/front_fdaa5c6a-af85-4e1a-b5dd-f3d11613695d5e4c.jpg]
[teeperfect.myshopify.com/cdn/shop/products/front_1_aa4ab0a3-468b-41f7-bd72-8c2ee923bfe15e4c.jpg]
[teeperfect.myshopify.com/cdn/shop/products/front_2_628fb40f-584b-4d89-98be-2844dc660cab5e4c.jpg]
[teeperfect.myshopify.com/cdn/shop/products/front_3_2f447fa5-5b8a-4552-86cf-93d083879b515e4c.jpg]
[teeperfect.myshopify.com/cdn/shop/products/front_4_f714b381-57c1-4dac-b976-1e00fa3884cb5e4c.jpg]
[teeperfect.myshopify.com/cdn/shop/files/darkmagentae53a.png]
[teeperfect.myshopify.com/products/triathlon-badass-eu.html]
[teeperfect.myshopify.com/cdn/shop/products/front_66cc9565-8ea7-4aa5-bb2e-184c1251840f_grande7626.jpg]
[teeperfect.myshopify.com/cdn/shop/products/front_1_85184ede-0cbe-4311-b8a8-7275ed9a60ec_grande7626.jpg]
[teeperfect.myshopify.com/cdn/shop/products/front_12_8eb11c3c-186b-4cd6-8526-96c0c68a0a9d_medium7626.jpg]
[teeperfect.myshopify.com/products/triathlon-just-to-finish-eu.oembed]
[teeperfect.myshopify.com/cdn/shop/products/front_12_8eb11c3c-186b-4cd6-8526-96c0c68a0a9d7626.jpg]
[teeperfect.myshopify.com/cdn/shop/products/front_66cc9565-8ea7-4aa5-bb2e-184c1251840f7626.jpg]
[teeperfect.myshopify.com/cdn/shop/products/front_1_85184ede-0cbe-4311-b8a8-7275ed9a60ec7626.jpg]
[teeperfect.myshopify.com/cdn/shop/products/front_2_7fa63bb8-d36d-4ce6-8bc3-278bb274fa7a7626.jpg]
[teeperfect.myshopify.com/cdn/shop/products/front_3_251ef588-e32b-4b3f-85b7-b7b82a22e5617626.jpg]
[teeperfect.myshopify.com/cdn/shop/products/front_4_c6488217-ae50-4192-9ff8-9c9a1643fa047626.jpg]
[teeperfect.myshopify.com/cdn/shop/products/front_5_111fef7c-356b-4422-8d1c-4af2c56de43e7626.jpg]
[teeperfect.myshopify.com/cdn/shop/products/front_6_582ed3bf-6790-4a4c-aff8-d1db65f446f97626.jpg]
[teeperfect.myshopify.com/products/triathlon-just-to-finish-eu.html]
[teeperfect.myshopify.com/cdn/shop/products/front_a16b242e-02a2-40eb-8b75-bae7e43ee53d_grande1b5e.jpg]
[teeperfect.myshopify.com/cdn/shop/products/front_1_94a0b9cf-dd6f-45ed-82b3-cf52a8787c36_grande1b5e.jpg]
[teeperfect.myshopify.com/cdn/shop/products/front_11_694ae3c7-2214-4bc1-a90e-af49d19800cb_medium1b5e.jpg]
[teeperfect.myshopify.com/products/water-is-sacred.oembed]
[teeperfect.myshopify.com/cdn/shop/products/front_11_694ae3c7-2214-4bc1-a90e-af49d19800cb1b5e.jpg]
[teeperfect.myshopify.com/cdn/shop/products/front_a16b242e-02a2-40eb-8b75-bae7e43ee53d1b5e.jpg]
[teeperfect.myshopify.com/cdn/shop/products/front_1_94a0b9cf-dd6f-45ed-82b3-cf52a8787c361b5e.jpg]
[teeperfect.myshopify.com/cdn/shop/products/front_2_25dd464d-4d28-42ad-9df6-0f5fec9d8a831b5e.jpg]
[teeperfect.myshopify.com/cdn/shop/products/front_3_c0ce7629-2b6f-45b0-a572-8f9c448969781b5e.jpg]
[teeperfect.myshopify.com/cdn/shop/products/front_4_c955e356-fbcc-4f87-b2e9-1f3082d701f11b5e.jpg]
[teeperfect.myshopify.com/cdn/shop/products/front_5_9f9bea76-979e-4800-a75b-40140ded15231b5e.jpg]
[teeperfect.myshopify.com/cdn/shop/files/lightskybluee53a.png]
[teeperfect.myshopify.com/cdn/shop/files/graye53a.png]
[teeperfect.myshopify.com/products/water-is-sacred.html]
[teeperfect.myshopify.com/cdn/shop/products/front_1_a42f30a9-1324-4aeb-aad1-800a095b1725_grandeb7a5.jpg]
[teeperfect.myshopify.com/cdn/shop/products/front_2_8597d4fd-2bf5-490f-b0a1-a59b9f0ef55f_grandec212.jpg]
[teeperfect.myshopify.com/cdn/shop/products/front_0_mediumb7a5.jpg]
[teeperfect.myshopify.com/products/growing-good-food-at-home.oembed]
[teeperfect.myshopify.com/cdn/shop/products/front_0b7a5.jpg]
[teeperfect.myshopify.com/cdn/shop/products/front_1_a42f30a9-1324-4aeb-aad1-800a095b1725b7a5.jpg]
[teeperfect.myshopify.com/cdn/shop/products/front_2_8597d4fd-2bf5-490f-b0a1-a59b9f0ef55fc212.jpg]
[teeperfect.myshopify.com/cdn/shop/products/front_3_70846f82-8a0d-4995-983e-9bed85d13501ccbf.jpg]
[teeperfect.myshopify.com/cdn/shop/products/front_4_db804298-d6bf-487a-ae55-19199976653aaa10.jpg]
[teeperfect.myshopify.com/products/growing-good-food-at-home.html]
[teeperfect.myshopify.com/cdn/shop/products/front_7d1b7678-fac7-4c5c-8123-bcfa926ef8ad_grandecce7.jpg]
[teeperfect.myshopify.com/cdn/shop/products/front_1_d2b450fe-d475-4b71-8914-e525f191e81b_grandecce7.jpg]
[teeperfect.myshopify.com/cdn/shop/products/front_7_63afb21e-af8c-4ed4-9190-1995159d5e80_mediumcce7.jpg]
[teeperfect.myshopify.com/products/limited-edition-competing-in-games.oembed]
[teeperfect.myshopify.com/cdn/shop/products/front_7_63afb21e-af8c-4ed4-9190-1995159d5e80cce7.jpg]
[teeperfect.myshopify.com/cdn/shop/products/front_7d1b7678-fac7-4c5c-8123-bcfa926ef8adcce7.jpg]
[teeperfect.myshopify.com/cdn/shop/products/front_1_d2b450fe-d475-4b71-8914-e525f191e81bcce7.jpg]
[teeperfect.myshopify.com/cdn/shop/products/front_2_caf0b7dd-123a-4784-8ee4-208b9522689ecce7.jpg]
[teeperfect.myshopify.com/cdn/shop/products/front_3_a56caae4-197d-495e-9566-28df55637503cce7.jpg]
[teeperfect.myshopify.com/cdn/shop/products/front_4_21834ab8-d539-4f35-b41d-3d24ae3459a3cce7.jpg]
[teeperfect.myshopify.com/cdn/shop/products/front_5_62f7a13e-270f-488f-b7d9-8515d8dddc3fcce7.jpg]
[teeperfect.myshopify.com/cdn/shop/products/front_6_4c35b991-57b2-4876-bd64-1e23f96aa25dcce7.jpg]
[teeperfect.myshopify.com/cdn/shop/products/front_8_a40ad4e1-7579-4ad0-b419-2c6d836ac1a6cce7.jpg]
[teeperfect.myshopify.com/cdn/shop/products/front_9_12b384f3-bb4e-442c-8984-c61203e47780cce7.jpg]
[teeperfect.myshopify.com/cdn/shop/products/front_10_b098bdb7-e2e5-48bf-af9d-30387ecd24d0cce7.jpg]
[teeperfect.myshopify.com/cdn/shop/products/front_11_06ac156a-89e9-4815-9a57-d19c46116d6acce7.jpg]
[teeperfect.myshopify.com/cdn/shop/products/front_12_a3da4f09-287a-49b5-b683-b776a87fbdf7cce7.jpg]
[teeperfect.myshopify.com/cdn/shop/products/front_13_806b7c1f-efd9-432f-8c21-1732055b0fb7cce7.jpg]
[teeperfect.myshopify.com/cdn/shop/files/firebricke53a.png]
[teeperfect.myshopify.com/cdn/shop/files/purplee53a.png]
[teeperfect.myshopify.com/cdn/shop/files/greenyellowe53a.png]
[teeperfect.myshopify.com/products/limited-edition-competing-in-games.html]
[teeperfect.myshopify.com/cdn/shop/products/front_891b2abd-40a5-46f3-b6db-21f96606e9c5_granded7f0.jpg]
[teeperfect.myshopify.com/cdn/shop/products/front_1_b89af792-6317-45da-af55-04f84afa4527_granded7f0.jpg]
[teeperfect.myshopify.com/cdn/shop/products/front_6_72a14ef7-0f53-45e4-aea6-6d8a5df92b27_mediumd7f0.jpg]
[teeperfect.myshopify.com/products/its-a-smith-thing.oembed]
[teeperfect.myshopify.com/cdn/shop/products/front_6_72a14ef7-0f53-45e4-aea6-6d8a5df92b27d7f0.jpg]
[teeperfect.myshopify.com/cdn/shop/products/front_891b2abd-40a5-46f3-b6db-21f96606e9c5d7f0.jpg]
[teeperfect.myshopify.com/cdn/shop/products/front_1_b89af792-6317-45da-af55-04f84afa4527d7f0.jpg]
[teeperfect.myshopify.com/cdn/shop/products/front_2_ebec93fe-b52b-4d22-ae0f-40d8e89186f7d7f0.jpg]
[teeperfect.myshopify.com/cdn/shop/products/front_3_299d9edb-8639-484d-beb2-7ba4d0632b65d7f0.jpg]
[teeperfect.myshopify.com/cdn/shop/products/front_4_5e36980e-78df-4d81-8fe0-33b466752196d7f0.jpg]
[teeperfect.myshopify.com/cdn/shop/products/front_5_1a4b82ad-a973-4881-b4d6-c862f0089608d7f0.jpg]
[teeperfect.myshopify.com/cdn/shop/products/front_7_944561c9-0850-44d9-b995-8e9393128fc3d7f0.jpg]
[teeperfect.myshopify.com/cdn/shop/products/front_8_fb3f4bcd-406b-4c97-b46a-343ed90a509bd7f0.jpg]
[teeperfect.myshopify.com/cdn/shop/products/front_9_2f5e2e3c-26aa-4672-8918-d86999352f29d7f0.jpg]
[teeperfect.myshopify.com/cdn/shop/products/front_10_dbe59d29-e568-4c70-96c0-4522f6bf7f5cd7f0.jpg]
[teeperfect.myshopify.com/cdn/shop/products/front_11_fd0b5dd9-4a3b-48a7-a354-c6c1156c13fed7f0.jpg]
[teeperfect.myshopify.com/cdn/shop/products/front_12_cf9bca64-60d9-4258-b072-0f1c940f7992d7f0.jpg]
[teeperfect.myshopify.com/products/its-a-smith-thing.html]
[teeperfect.myshopify.com/cdn/shop/t/11/assets/iconsf7d3.svg]
[teeperfect.myshopify.com/cdn/shop/t/11/assets/ico-select43e2.svg]
[teeperfect.myshopify.com/cdn/shop/t/11/assets/fontawesome-webfont5b62.svg]
[teeperfect.myshopify.com/cdn/shop/t/11/assets/awemmenu1dae.html]
[teeperfect.myshopify.com/cdn/shop/t/11/assets/awemmenu1dae-2.html]
[teeperfect.myshopify.com/cdn/shop/t/11/assets/awemmenu1dae-3.html]
[teeperfect.myshopify.com/cdn/shop/t/11/assets/awemmenu1dae-4.html]
[teeperfect.myshopify.com/cdn/shop/t/11/assets/brilliant.svg]
[teeperfect.myshopify.com/cdn/shop/t/11/assets/8.html]
[teeperfect.myshopify.com/cdn/shop/t/11/assets/10.html]
[teeperfect.myshopify.com/account/POST.html]
[teeperfect.myshopify.com/pages/POST.html]
[teeperfect.myshopify.com/collections/all2679.html]
[teeperfect.myshopify.com/collections/all4658.html]
[teeperfect.myshopify.com/collections/POST.html]
[teeperfect.myshopify.com/collections/family2679.html]
[teeperfect.myshopify.com/collections/family4658.oembed]
[teeperfect.myshopify.com/collections/family/products/life-is-better-fishing.html]
[teeperfect.myshopify.com/collections/family/products/growing-good-food-at-home.html]
[teeperfect.myshopify.com/collections/family/products/fishing-is-my-cardio.html]
[teeperfect.myshopify.com/collections/family4658.html]
[teeperfect.myshopify.com/collections/family/products/hurry-ending-in-less-than-48-hours.html]
[teeperfect.myshopify.com/collections/family/products/POST]
[teeperfect.myshopify.com/collections/family/products/grow-your-own-food-urban-farming.html]
[teeperfect.myshopify.com/collections/family/products/coffee-is-always-good.html]
[teeperfect.myshopify.com/collections/family/products/limited-edition-competing-in-games.html]
[teeperfect.myshopify.com/collections/family/products/sorry-i-cant.html]
[teeperfect.myshopify.com/collections/family/products/nes-game-blow-me.html]
[teeperfect.myshopify.com/collections/family/products/triathlon-badass-eu.html]
[teeperfect.myshopify.com/collections/family/products/triathlon-just-to-finish-eu.html]
[teeperfect.myshopify.com/collections/family/products/limited-edition.html]
[teeperfect.myshopify.com/collections/family/products/youre-fishing-too-close.html]
[teeperfect.myshopify.com/collections/family/products/the-voices-in-my-head.html]
[teeperfect.myshopify.com/collections/family/products/classic-1968-ugly-christmas.html]
[teeperfect.myshopify.com/collections/family/products/its-a-smith-thing.html]
[teeperfect.myshopify.com/collections/family/products/water-is-sacred.html]
[teeperfect.myshopify.com/collections/family/products/buffalo-its-where-my-story-begins.html]
[teeperfect.myshopify.com/collections/family/products/just-a-kid-from-buffalo.html]
[teeperfect.myshopify.com/collections/family/products/red-gray-and-black-scissors.html]
[teeperfect.myshopify.com/collections/family/products/donut.html]
[teeperfect.myshopify.com/collections/family/products/dad-loves-fishing.html]
[teeperfect.myshopify.com/collections/sports2679.html]
[teeperfect.myshopify.com/collections/sports4658.oembed]
[teeperfect.myshopify.com/collections/sports/products/dad-loves-fishing.html]
[teeperfect.myshopify.com/collections/sports/products/coffee-is-always-good.html]
[teeperfect.myshopify.com/collections/sports/products/classic-1968-ugly-christmas.html]
[teeperfect.myshopify.com/collections/sports4658.html]
[teeperfect.myshopify.com/collections/sports/products/buffalo-its-where-my-story-begins.html]
[teeperfect.myshopify.com/collections/sports/products/POST]
[teeperfect.myshopify.com/collections/sports/products/grow-your-own-food-urban-farming.html]
[teeperfect.myshopify.com/collections/sports/products/youre-fishing-too-close.html]
[teeperfect.myshopify.com/collections/sports/products/water-is-sacred.html]
[teeperfect.myshopify.com/collections/sports/products/triathlon-just-to-finish-eu.html]
[teeperfect.myshopify.com/collections/sports/products/triathlon-badass-eu.html]
[teeperfect.myshopify.com/collections/sports/products/the-voices-in-my-head.html]
[teeperfect.myshopify.com/collections/sports/products/sorry-i-cant.html]
[teeperfect.myshopify.com/collections/sports/products/red-gray-and-black-scissors.html]
[teeperfect.myshopify.com/collections/sports/products/nes-game-blow-me.html]
[teeperfect.myshopify.com/collections/sports/products/limited-edition-competing-in-games.html]
[teeperfect.myshopify.com/collections/sports/products/limited-edition.html]
[teeperfect.myshopify.com/collections/sports/products/life-is-better-fishing.html]
[teeperfect.myshopify.com/collections/sports/products/just-a-kid-from-buffalo.html]
[teeperfect.myshopify.com/collections/sports/products/its-a-smith-thing.html]
[teeperfect.myshopify.com/collections/sports/products/hurry-ending-in-less-than-48-hours.html]
[teeperfect.myshopify.com/collections/sports/products/growing-good-food-at-home.html]
[teeperfect.myshopify.com/collections/sports/products/fishing-is-my-cardio.html]
[teeperfect.myshopify.com/collections/sports/products/donut.html]
[teeperfect.myshopify.com/collections/animals2679.html]
[teeperfect.myshopify.com/collections/animals4658.oembed]
[teeperfect.myshopify.com/collections/animals/products/water-is-sacred.html]
[teeperfect.myshopify.com/collections/animals/products/growing-good-food-at-home.html]
[teeperfect.myshopify.com/collections/animals/products/limited-edition-competing-in-games.html]
[teeperfect.myshopify.com/collections/animals4658.html]
[teeperfect.myshopify.com/collections/animals/products/its-a-smith-thing.html]
[teeperfect.myshopify.com/collections/animals/products/POST]
[teeperfect.myshopify.com/collections/animals/products/grow-your-own-food-urban-farming.html]
[teeperfect.myshopify.com/collections/animals/products/sorry-i-cant.html]
[teeperfect.myshopify.com/collections/animals/products/fishing-is-my-cardio.html]
[teeperfect.myshopify.com/collections/animals/products/coffee-is-always-good.html]
[teeperfect.myshopify.com/collections/animals/products/nes-game-blow-me.html]
[teeperfect.myshopify.com/collections/animals/products/the-voices-in-my-head.html]
[teeperfect.myshopify.com/collections/animals/products/just-a-kid-from-buffalo.html]
[teeperfect.myshopify.com/collections/animals/products/buffalo-its-where-my-story-begins.html]
[teeperfect.myshopify.com/collections/animals/products/dad-loves-fishing.html]
[teeperfect.myshopify.com/collections/animals/products/red-gray-and-black-scissors.html]
[teeperfect.myshopify.com/collections/animals/products/limited-edition.html]
[teeperfect.myshopify.com/collections/animals/products/life-is-better-fishing.html]
[teeperfect.myshopify.com/collections/animals/products/hurry-ending-in-less-than-48-hours.html]
[teeperfect.myshopify.com/collections/animals/products/donut.html]
[teeperfect.myshopify.com/collections/animals/products/classic-1968-ugly-christmas.html]
[teeperfect.myshopify.com/collections/animals/products/youre-fishing-too-close.html]
[teeperfect.myshopify.com/collections/animals/products/triathlon-badass-eu.html]
[teeperfect.myshopify.com/collections/animals/products/triathlon-just-to-finish-eu.html]
[teeperfect.myshopify.com/collections/hobbies2679.html]
[teeperfect.myshopify.com/collections/hobbies4658.oembed]
[teeperfect.myshopify.com/collections/hobbies/products/nes-game-blow-me.html]
[teeperfect.myshopify.com/collections/hobbies/products/coffee-is-always-good.html]
[teeperfect.myshopify.com/collections/hobbies/products/fishing-is-my-cardio.html]
[teeperfect.myshopify.com/collections/hobbies4658.html]
[teeperfect.myshopify.com/collections/hobbies/products/sorry-i-cant.html]
[teeperfect.myshopify.com/collections/hobbies/products/POST]
[teeperfect.myshopify.com/collections/hobbies/products/grow-your-own-food-urban-farming.html]
[teeperfect.myshopify.com/collections/hobbies/products/its-a-smith-thing.html]
[teeperfect.myshopify.com/collections/hobbies/products/limited-edition-competing-in-games.html]
[teeperfect.myshopify.com/collections/hobbies/products/growing-good-food-at-home.html]
[teeperfect.myshopify.com/collections/hobbies/products/water-is-sacred.html]
[teeperfect.myshopify.com/collections/hobbies/products/triathlon-just-to-finish-eu.html]
[teeperfect.myshopify.com/collections/hobbies/products/triathlon-badass-eu.html]
[teeperfect.myshopify.com/collections/hobbies/products/youre-fishing-too-close.html]
[teeperfect.myshopify.com/collections/hobbies/products/classic-1968-ugly-christmas.html]
[teeperfect.myshopify.com/collections/hobbies/products/donut.html]
[teeperfect.myshopify.com/collections/hobbies/products/hurry-ending-in-less-than-48-hours.html]
[teeperfect.myshopify.com/collections/hobbies/products/life-is-better-fishing.html]
[teeperfect.myshopify.com/collections/hobbies/products/limited-edition.html]
[teeperfect.myshopify.com/collections/hobbies/products/red-gray-and-black-scissors.html]
[teeperfect.myshopify.com/collections/hobbies/products/dad-loves-fishing.html]
[teeperfect.myshopify.com/collections/hobbies/products/buffalo-its-where-my-story-begins.html]
[teeperfect.myshopify.com/collections/hobbies/products/just-a-kid-from-buffalo.html]
[teeperfect.myshopify.com/collections/hobbies/products/the-voices-in-my-head.html]
[teeperfect.myshopify.com/collections/entertainment2679.html]
[teeperfect.myshopify.com/collections/entertainment4658.oembed]
[teeperfect.myshopify.com/collections/entertainment/products/donut.html]
[teeperfect.myshopify.com/collections/entertainment/products/dad-loves-fishing.html]
[teeperfect.myshopify.com/collections/entertainment/products/classic-1968-ugly-christmas.html]
[teeperfect.myshopify.com/collections/entertainment4658.html]
[teeperfect.myshopify.com/collections/entertainment/products/buffalo-its-where-my-story-begins.html]
[teeperfect.myshopify.com/collections/entertainment/products/POST]
[teeperfect.myshopify.com/collections/entertainment/products/grow-your-own-food-urban-farming.html]
[teeperfect.myshopify.com/collections/entertainment/products/coffee-is-always-good.html]
[teeperfect.myshopify.com/collections/entertainment/products/youre-fishing-too-close.html]
[teeperfect.myshopify.com/collections/entertainment/products/water-is-sacred.html]
[teeperfect.myshopify.com/collections/entertainment/products/triathlon-just-to-finish-eu.html]
[teeperfect.myshopify.com/collections/entertainment/products/triathlon-badass-eu.html]
[teeperfect.myshopify.com/collections/entertainment/products/the-voices-in-my-head.html]
[teeperfect.myshopify.com/collections/entertainment/products/sorry-i-cant.html]
[teeperfect.myshopify.com/collections/entertainment/products/red-gray-and-black-scissors.html]
[teeperfect.myshopify.com/collections/entertainment/products/nes-game-blow-me.html]
[teeperfect.myshopify.com/collections/entertainment/products/limited-edition-competing-in-games.html]
[teeperfect.myshopify.com/collections/entertainment/products/limited-edition.html]
[teeperfect.myshopify.com/collections/entertainment/products/life-is-better-fishing.html]
[teeperfect.myshopify.com/collections/entertainment/products/just-a-kid-from-buffalo.html]
[teeperfect.myshopify.com/collections/entertainment/products/its-a-smith-thing.html]
[teeperfect.myshopify.com/collections/entertainment/products/hurry-ending-in-less-than-48-hours.html]
[teeperfect.myshopify.com/collections/entertainment/products/growing-good-food-at-home.html]
[teeperfect.myshopify.com/collections/entertainment/products/fishing-is-my-cardio.html]
[teeperfect.myshopify.com/collections/awareness2679.html]
[teeperfect.myshopify.com/collections/awareness4658.oembed]
[teeperfect.myshopify.com/collections/awareness/products/triathlon-badass-eu.html]
[teeperfect.myshopify.com/collections/awareness/products/triathlon-just-to-finish-eu.html]
[teeperfect.myshopify.com/collections/awareness/products/water-is-sacred.html]
[teeperfect.myshopify.com/collections/awareness4658.html]
[teeperfect.myshopify.com/collections/awareness/products/youre-fishing-too-close.html]
[teeperfect.myshopify.com/collections/awareness/products/POST]
[teeperfect.myshopify.com/collections/awareness/products/grow-your-own-food-urban-farming.html]
[teeperfect.myshopify.com/collections/awareness/products/buffalo-its-where-my-story-begins.html]
[teeperfect.myshopify.com/collections/awareness/products/classic-1968-ugly-christmas.html]
[teeperfect.myshopify.com/collections/awareness/products/coffee-is-always-good.html]
[teeperfect.myshopify.com/collections/awareness/products/dad-loves-fishing.html]
[teeperfect.myshopify.com/collections/awareness/products/donut.html]
[teeperfect.myshopify.com/collections/awareness/products/fishing-is-my-cardio.html]
[teeperfect.myshopify.com/collections/awareness/products/growing-good-food-at-home.html]
[teeperfect.myshopify.com/collections/awareness/products/hurry-ending-in-less-than-48-hours.html]
[teeperfect.myshopify.com/collections/awareness/products/its-a-smith-thing.html]
[teeperfect.myshopify.com/collections/awareness/products/just-a-kid-from-buffalo.html]
[teeperfect.myshopify.com/collections/awareness/products/life-is-better-fishing.html]
[teeperfect.myshopify.com/collections/awareness/products/limited-edition.html]
[teeperfect.myshopify.com/collections/awareness/products/limited-edition-competing-in-games.html]
[teeperfect.myshopify.com/collections/awareness/products/nes-game-blow-me.html]
[teeperfect.myshopify.com/collections/awareness/products/red-gray-and-black-scissors.html]
[teeperfect.myshopify.com/collections/awareness/products/sorry-i-cant.html]
[teeperfect.myshopify.com/collections/awareness/products/the-voices-in-my-head.html]
[teeperfect.myshopify.com/blogs/POST.html]
[teeperfect.myshopify.com/blogs/news/new-lookbook-women-brilliant.html]
[teeperfect.myshopify.com/blogs/news/fashion-collection-blue-color.html]
[teeperfect.myshopify.com/blogs/news/new-look-women-engotheme.html]
[teeperfect.myshopify.com/blogs/news/fashion-kid-trending-engotheme.html]
[teeperfect.myshopify.com/blogs/news/fashion-collection-for-women.html]
[teeperfect.myshopify.com/blogs/news/brilliant-were-the-perfect-team.html]
[teeperfect.myshopify.com/blogs/news/tagged/engotee.atom]
[teeperfect.myshopify.com/blogs/news/tagged/POST.52e.delayed]
[teeperfect.myshopify.com/blogs/news/tagged/engotee.html]
[teeperfect.myshopify.com/blogs/news/tagged/sticky.html]
[teeperfect.myshopify.com/blogs/news/tagged/sticky.atom]
[teeperfect.myshopify.com/blogs/news/tagged/teeperfect.html]
[teeperfect.myshopify.com/blogs/news/tagged/teeperfect.atom]
[teeperfect.myshopify.com/blogs/news/tagged/women-trend.html]
[teeperfect.myshopify.com/blogs/news/tagged/women-trend.atom]
[teeperfect.myshopify.com/cdn/shop/t/17/assets/icons7f1f.eot]
[teeperfect.myshopify.com/cdn/shop/t/17/assets/icons7f1f.woff]
[teeperfect.myshopify.com/cdn/shop/t/17/assets/icons7f1f.ttf]
[teeperfect.myshopify.com/cdn/shop/t/17/assets/icons7f1f.svg]
[teeperfect.myshopify.com/cdn/shop/t/17/assets/timber_3.scss6db7.css]
[teeperfect.myshopify.com/cdn/shop/t/17/assets/style.scssf26b.css]
[teeperfect.myshopify.com/cdn/shop/t/17/assets/ico-select7f1f.svg]
[teeperfect.myshopify.com/cdn/shop/t/17/assets/fontawesome-webfont5b62.eot]
[teeperfect.myshopify.com/cdn/shop/t/17/assets/fontawesome-webfontd41d.eot]
[teeperfect.myshopify.com/cdn/shop/t/17/assets/fontawesome-webfont5b62.woff2]
[teeperfect.myshopify.com/cdn/shop/t/17/assets/fontawesome-webfont5b62.woff]
[teeperfect.myshopify.com/cdn/shop/t/17/assets/fontawesome-webfont5b62.ttf]
[teeperfect.myshopify.com/cdn/shop/t/17/assets/font-awesome47e4.css]
[teeperfect.myshopify.com/cdn/shop/t/17/assets/slick761d.css]
[teeperfect.myshopify.com/cdn/shop/t/17/assets/magnific-popup67d1.css]
[teeperfect.myshopify.com/cdn/shop/t/17/assets/fontawesome-webfont5b62.svg]
[teeperfect.myshopify.com/cdn/shop/t/17/assets/awemmenu1dae.eot]
[teeperfect.myshopify.com/cdn/shop/t/17/assets/awemmenu1dae.ttf]
[teeperfect.myshopify.com/cdn/shop/t/17/assets/awemmenu1dae.woff]
[teeperfect.myshopify.com/cdn/shop/t/17/assets/awemmenu1dae.svg]
[teeperfect.myshopify.com/cdn/shop/t/17/assets/awemenu010a.css]
[teeperfect.myshopify.com/cdn/shop/t/17/assets/brilliant.eot]
[teeperfect.myshopify.com/cdn/shop/t/17/assets/brilliantd41d.eot]
[teeperfect.myshopify.com/cdn/shop/t/17/assets/brilliant.woff]
[teeperfect.myshopify.com/cdn/shop/t/17/assets/brilliant.ttf]
[teeperfect.myshopify.com/cdn/shop/t/17/assets/brilliant.svg]
[teeperfect.myshopify.com/cdn/shop/t/17/assets/ajax-loader.gif]
[teeperfect.myshopify.com/cdn/shop/t/17/assets/1.jpg]
[teeperfect.myshopify.com/cdn/shop/t/17/assets/6.jpg]
[teeperfect.myshopify.com/cdn/shop/t/17/assets/8.jpg]
[teeperfect.myshopify.com/cdn/shop/t/17/assets/10.jpg]
[teeperfect.myshopify.com/cdn/shop/t/17/assets/13.jpg]
[teeperfect.myshopify.com/cdn/shop/t/17/assets/slide-1.jpg]
[teeperfect.myshopify.com/cdn/shop/t/17/assets/slide-7.jpg]
[teeperfect.myshopify.com/cdn/shop/t/17/assets/product_mapper_icon1.png]
[teeperfect.myshopify.com/cdn/shop/t/17/assets/product_mapper_close.png]
[teeperfect.myshopify.com/cdn/shop/t/17/assets/main8de4.css]
[teeperfect.myshopify.com/cdn/shop/t/17/assets/close.png]
[teeperfect.myshopify.com/cdn/shop/t/17/assets/YouTubePopUp8290.css]
[teeperfect.myshopify.com/cdn/shop/t/17/assets/cms_icon.png]
[teeperfect.myshopify.com/cdn/shop/t/17/assets/engo_select_option_icon.png]
[teeperfect.myshopify.com/cdn/shop/t/17/assets/engo-customize.scss021c.css]
[teeperfect.myshopify.com/cdn/shop/t/17/compiled_assets/stylese53a.css]
[teeperfect.myshopify.com/cdn/shop/t/17/assets/shopstorm-apps.scss42c4.css]
[teeperfect.myshopify.com/blogs/news/POST.html]
[teeperfect.myshopify.com/cdn/shop/t/17/assets/logoe53a.html]
[teeperfect.myshopify.com/products/POST.html]
[teeperfect.myshopify.com/cdn/shop/files/orangee53a.html]
[teeperfect.myshopify.com/cdn/shop/files/whitee53a.html]
[teeperfect.myshopify.com/cdn/shop/files/blacke53a.html]
[teeperfect.myshopify.com/cdn/shop/files/bluee53a.html]
[teeperfect.myshopify.com/cdn/shop/files/violete53a.html]
[teeperfect.myshopify.com/cdn/shop/files/pinke53a.html]
[teeperfect.myshopify.com/cdn/shop/files/rede53a.html]
[pinterest.com/pin/create/button/index9dac.html]
[teeperfect.myshopify.com/cdn/shop/files/yellowe53a.html]
[teeperfect.myshopify.com/cdn/shop/files/gainsboroe53a.html]
[pinterest.com/pin/create/button/index2d96.html]
[teeperfect.myshopify.com/pages/shopifycenter@gmail.com]
[teeperfect.myshopify.com/cdn/shop/files/midnightbluee53a.html]
[teeperfect.myshopify.com/cdn/shop/files/greene53a.html]
[teeperfect.myshopify.com/cdn/shop/files/browne53a.html]
[pinterest.com/pin/create/button/indexa5de.html]
[teeperfect.myshopify.com/cdn/shop/files/slategraye53a.html]
[pinterest.com/pin/create/button/index9fe0.html]
[pinterest.com/pin/create/button/index1caf.html]
[teeperfect.myshopify.com/cdn/shop/files/dodgerbluee53a.html]
[teeperfect.myshopify.com/cdn/shop/files/golde53a.html]
[teeperfect.myshopify.com/cdn/shop/files/darkturquoisee53a.html]
[teeperfect.myshopify.com/cdn/shop/files/deeppinke53a.html]
[pinterest.com/pin/create/button/indexb148.html]
[teeperfect.myshopify.com/cdn/shop/files/rosybrowne53a.html]
[pinterest.com/pin/create/button/index9275.html]
[pinterest.com/pin/create/button/index53f9.html]
[pinterest.com/pin/create/button/indexc816.html]
[teeperfect.myshopify.com/cdn/shop/files/whitesmokee53a.html]
[teeperfect.myshopify.com/cdn/shop/files/silvere53a.html]
[teeperfect.myshopify.com/cdn/shop/files/steelbluee53a.html]
[teeperfect.myshopify.com/cdn/shop/files/cornflowerbluee53a.html]
[pinterest.com/pin/create/button/index1753.html]
[teeperfect.myshopify.com/cdn/shop/files/skybluee53a.html]
[teeperfect.myshopify.com/cdn/shop/files/slivere53a.html]
[pinterest.com/pin/create/button/indexc2b2.html]
[teeperfect.myshopify.com/cdn/shop/files/seagreene53a.html]
[teeperfect.myshopify.com/cdn/shop/files/royalbluee53a.html]
[teeperfect.myshopify.com/cdn/shop/files/saddlebrowne53a.html]
[teeperfect.myshopify.com/cdn/shop/files/dimgraye53a.html]
[teeperfect.myshopify.com/cdn/shop/files/navye53a.html]
[pinterest.com/pin/create/button/index845c.html]
[teeperfect.myshopify.com/cdn/shop/files/olivee53a.html]
[pinterest.com/pin/create/button/index2771.html]
[teeperfect.myshopify.com/cdn/shop/files/darkgreene53a.html]
[teeperfect.myshopify.com/cdn/shop/files/forestgreene53a.html]
[pinterest.com/pin/create/button/index5816.html]
[teeperfect.myshopify.com/cdn/shop/files/darkbluee53a.html]
[teeperfect.myshopify.com/cdn/shop/files/darkrede53a.html]
[pinterest.com/pin/create/button/indexd676.html]
[pinterest.com/pin/create/button/index65a2.html]
[teeperfect.myshopify.com/cdn/shop/files/darkmagentae53a.html]
[pinterest.com/pin/create/button/index609b.html]
[pinterest.com/pin/create/button/index6028.html]
[teeperfect.myshopify.com/cdn/shop/files/lightskybluee53a.html]
[teeperfect.myshopify.com/cdn/shop/files/graye53a.html]
[pinterest.com/pin/create/button/index97a5.html]
[pinterest.com/pin/create/button/index051c.html]
[teeperfect.myshopify.com/cdn/shop/files/firebricke53a.html]
[teeperfect.myshopify.com/cdn/shop/files/purplee53a.html]
[teeperfect.myshopify.com/cdn/shop/files/greenyellowe53a.html]
[pinterest.com/pin/create/button/index9eb3.html]
[pinterest.com/pin/create/button/indexc242.html]
[teeperfect.myshopify.com/collections/all2679.html]
[teeperfect.myshopify.com/collections/family2679.html]
[teeperfect.myshopify.com/collections/family/products/life-is-better-fishing.html]
[teeperfect.myshopify.com/collections/family/products/growing-good-food-at-home.html]
[teeperfect.myshopify.com/collections/family/products/fishing-is-my-cardio.html]
[teeperfect.myshopify.com/collections/family/products/hurry-ending-in-less-than-48-hours.html]
[teeperfect.myshopify.com/collections/family/products/POST.html]
[teeperfect.myshopify.com/collections/sports2679.html]
[teeperfect.myshopify.com/collections/sports/products/dad-loves-fishing.html]
[teeperfect.myshopify.com/collections/sports/products/coffee-is-always-good.html]
[teeperfect.myshopify.com/collections/sports/products/classic-1968-ugly-christmas.html]
[teeperfect.myshopify.com/collections/sports/products/buffalo-its-where-my-story-begins.html]
[teeperfect.myshopify.com/collections/sports/products/POST.html]
[teeperfect.myshopify.com/collections/animals2679.html]
[teeperfect.myshopify.com/collections/animals/products/water-is-sacred.html]
[teeperfect.myshopify.com/collections/animals/products/growing-good-food-at-home.html]
[teeperfect.myshopify.com/collections/animals/products/limited-edition-competing-in-games.html]
[teeperfect.myshopify.com/collections/animals/products/its-a-smith-thing.html]
[teeperfect.myshopify.com/collections/animals/products/POST.html]
[teeperfect.myshopify.com/collections/hobbies2679.html]
[teeperfect.myshopify.com/collections/hobbies/products/nes-game-blow-me.html]
[teeperfect.myshopify.com/collections/hobbies/products/coffee-is-always-good.html]
[teeperfect.myshopify.com/collections/hobbies/products/fishing-is-my-cardio.html]
[teeperfect.myshopify.com/collections/hobbies/products/sorry-i-cant.html]
[teeperfect.myshopify.com/collections/hobbies/products/POST.html]
[teeperfect.myshopify.com/collections/entertainment2679.html]
[teeperfect.myshopify.com/collections/entertainment/products/donut.html]
[teeperfect.myshopify.com/collections/entertainment/products/dad-loves-fishing.html]
[teeperfect.myshopify.com/collections/entertainment/products/classic-1968-ugly-christmas.html]
[teeperfect.myshopify.com/collections/entertainment/products/buffalo-its-where-my-story-begins.html]
[teeperfect.myshopify.com/collections/entertainment/products/POST.html]
[teeperfect.myshopify.com/collections/awareness2679.html]
[teeperfect.myshopify.com/collections/awareness/products/triathlon-badass-eu.html]
[teeperfect.myshopify.com/collections/awareness/products/triathlon-just-to-finish-eu.html]
[teeperfect.myshopify.com/collections/awareness/products/water-is-sacred.html]
[teeperfect.myshopify.com/collections/awareness/products/youre-fishing-too-close.html]
[teeperfect.myshopify.com/collections/awareness/products/POST.html]
[teeperfect.myshopify.com/blogs/news/tagged/POST.html]
[teeperfect.myshopify.com/cdn/shop/t/17/assets/icons7f1f.svg]
[teeperfect.myshopify.com/cdn/shop/t/17/assets/ico-select7f1f.svg]
[teeperfect.myshopify.com/cdn/shop/t/17/assets/fontawesome-webfont5b62.svg]
[teeperfect.myshopify.com/cdn/shop/t/17/assets/awemmenu1dae.html]
[teeperfect.myshopify.com/cdn/shop/t/17/assets/awemmenu1dae-2.html]
[teeperfect.myshopify.com/cdn/shop/t/17/assets/awemmenu1dae-3.html]
[teeperfect.myshopify.com/cdn/shop/t/17/assets/awemmenu1dae-4.html]
[teeperfect.myshopify.com/cdn/shop/t/17/assets/brilliant.svg]
[teeperfect.myshopify.com/cdn/shop/t/17/assets/8.html]
[teeperfect.myshopify.com/cdn/shop/t/17/assets/10.html]
[pinterest.com/pin/create/button/index9192.html]
[pinterest.com/pin/create/button/index047b.html]
[pinterest.com/pin/create/button/index79b8.html]
[pinterest.com/pin/create/button/indexb1a5.html]
[pinterest.com/pin/create/button/indexf1f8.html]
[pinterest.com/pin/create/button/index4a57.html]
[pinterest.com/pin/create/button/indexeac5.html]
[pinterest.com/pin/create/button/indexa8d4.html]
[pinterest.com/pin/create/button/index0884.html]
[pinterest.com/pin/create/button/indexa07e.html]
[pinterest.com/pin/create/button/index5eb9.html]
[pinterest.com/pin/create/button/index667c.html]
[pinterest.com/pin/create/button/indexe559.html]
[pinterest.com/pin/create/button/index8531.html]
[pinterest.com/pin/create/button/index88c5.html]
[pinterest.com/pin/create/button/index5a3b.html]
[pinterest.com/pin/create/button/indexcedc.html]
[pinterest.com/pin/create/button/index6c6e.html]
[pinterest.com/pin/create/button/index99d1.html]
[pinterest.com/pin/create/button/indexb807.html]
[pinterest.com/pin/create/button/index8660.html]
[pinterest.com/pin/create/button/indexe7d5.html]
